<?xml version="1.0" encoding="UTF-8"?>
<!-- Generated by org.testng.reporters.JUnitXMLReporter -->
<testsuite hostname="WKWIN5161291" ignored="4" name="SCENARIOS_RESTTesting" tests="8" failures="0" timestamp="10 Oct 2018 08:02:46 GMT" time="1.62" errors="0">
  <testcase name="ServicesDemoTestingGetCall1" time="0.561" classname="com.sapient.qa.cats.core.selenium.testng.test.scenario.SCENARIOS_RESTTesting"/>
  <testcase name="ServicesDemoTestingPostCall2" time="0.201" classname="com.sapient.qa.cats.core.selenium.testng.test.scenario.SCENARIOS_RESTTesting"/>
  <testcase name="ServicesDemoTrestingPutCall3" time="0.105" classname="com.sapient.qa.cats.core.selenium.testng.test.scenario.SCENARIOS_RESTTesting"/>
  <testcase name="ServicesDemoTestingDeleteCall4" time="0.111" classname="com.sapient.qa.cats.core.selenium.testng.test.scenario.SCENARIOS_RESTTesting"/>
  <testcase name="ServicesDemoTestingMultiplePostCalls5" time="0.188" classname="com.sapient.qa.cats.core.selenium.testng.test.scenario.SCENARIOS_RESTTesting"/>
  <testcase name="ServicesDemoTestingMultiplePostCalls6" time="0.14" classname="com.sapient.qa.cats.core.selenium.testng.test.scenario.SCENARIOS_RESTTesting"/>
  <testcase name="ServicesDemoTestingMultiplePostCalls7" time="0.14" classname="com.sapient.qa.cats.core.selenium.testng.test.scenario.SCENARIOS_RESTTesting"/>
  <testcase name="ServicesDemoTestingMultiplePostCalls8" time="0.154" classname="com.sapient.qa.cats.core.selenium.testng.test.scenario.SCENARIOS_RESTTesting"/>
  <testcase name="@BeforeTest beginTestCase" time="0.0" classname="com.sapient.qa.cats.core.framework.TestConfig">
    <ignored/>
  </testcase> <!-- @BeforeTest beginTestCase -->
  <testcase name="@BeforeSuite testBeforeSuite" time="0.0" classname="com.sapient.qa.cats.core.framework.TestConfig">
    <ignored/>
  </testcase> <!-- @BeforeSuite testBeforeSuite -->
  <testcase name="@AfterSuite testAfterSuite" time="0.0" classname="com.sapient.qa.cats.core.framework.TestConfig">
    <ignored/>
  </testcase> <!-- @AfterSuite testAfterSuite -->
  <testcase name="@AfterTest endTestcase" time="0.0" classname="com.sapient.qa.cats.core.framework.TestConfig">
    <ignored/>
  </testcase> <!-- @AfterTest endTestcase -->
</testsuite> <!-- SCENARIOS_RESTTesting -->
