<?xml version="1.0" encoding="UTF-8"?>
<!-- Generated by org.testng.reporters.JUnitXMLReporter -->
<testsuite hostname="WKWIN5161291" ignored="4" name="SCENARIOS_USENSafariDesktop" tests="2" failures="0" timestamp="26 Sep 2018 06:46:11 GMT" time="19.54" errors="0">
  <testcase name="BSTUSENSAFARITC05_BST_TireListPage11" time="18.706" classname="com.sapient.qa.cats.core.selenium.testng.test.scenario.SCENARIOS_USENSafariDesktop"/>
  <testcase name="BSTUSENDESKTOPQuit2" time="0.782" classname="com.sapient.qa.cats.core.selenium.testng.test.scenario.SCENARIOS_USENSafariDesktop"/>
  <testcase name="@BeforeTest beginTestCase" time="0.0" classname="com.sapient.qa.cats.core.framework.TestConfig">
    <ignored/>
  </testcase> <!-- @BeforeTest beginTestCase -->
  <testcase name="@BeforeSuite testBeforeSuite" time="0.0" classname="com.sapient.qa.cats.core.framework.TestConfig">
    <ignored/>
  </testcase> <!-- @BeforeSuite testBeforeSuite -->
  <testcase name="@AfterSuite testAfterSuite" time="0.0" classname="com.sapient.qa.cats.core.framework.TestConfig">
    <ignored/>
  </testcase> <!-- @AfterSuite testAfterSuite -->
  <testcase name="@AfterTest endTestcase" time="0.0" classname="com.sapient.qa.cats.core.framework.TestConfig">
    <ignored/>
  </testcase> <!-- @AfterTest endTestcase -->
</testsuite> <!-- SCENARIOS_USENSafariDesktop -->
