<?xml version="1.0" encoding="UTF-8"?>
<!-- Generated by org.testng.reporters.JUnitXMLReporter -->
<testsuite hostname="WKWIN5161291" ignored="4" name="SimpleCATSBDD" tests="9" failures="0" timestamp="11 Sep 2018 06:01:16 GMT" time="33.689" errors="0">
  <testcase name="executeScenario" time="31.914" classname="com.sapient.qa.cats.core.selenium.bdd.runner.SimpleCATSBDD"/>
  <testcase name="executeScenario" time="0.272" classname="com.sapient.qa.cats.core.selenium.bdd.runner.SimpleCATSBDD">
    <skipped/>
  </testcase> <!-- executeScenario -->
  <testcase name="executeScenario" time="0.112" classname="com.sapient.qa.cats.core.selenium.bdd.runner.SimpleCATSBDD">
    <skipped/>
  </testcase> <!-- executeScenario -->
  <testcase name="executeScenario" time="0.083" classname="com.sapient.qa.cats.core.selenium.bdd.runner.SimpleCATSBDD">
    <skipped/>
  </testcase> <!-- executeScenario -->
  <testcase name="executeScenario" time="0.1" classname="com.sapient.qa.cats.core.selenium.bdd.runner.SimpleCATSBDD">
    <skipped/>
  </testcase> <!-- executeScenario -->
  <testcase name="executeScenario" time="0.097" classname="com.sapient.qa.cats.core.selenium.bdd.runner.SimpleCATSBDD">
    <skipped/>
  </testcase> <!-- executeScenario -->
  <testcase name="executeScenario" time="0.1" classname="com.sapient.qa.cats.core.selenium.bdd.runner.SimpleCATSBDD">
    <skipped/>
  </testcase> <!-- executeScenario -->
  <testcase name="executeScenario" time="0.099" classname="com.sapient.qa.cats.core.selenium.bdd.runner.SimpleCATSBDD">
    <skipped/>
  </testcase> <!-- executeScenario -->
  <testcase name="executeScenario" time="0.104" classname="com.sapient.qa.cats.core.selenium.bdd.runner.SimpleCATSBDD">
    <skipped/>
  </testcase> <!-- executeScenario -->
  <testcase name="@BeforeTest beginTestCase" time="0.0" classname="com.sapient.qa.cats.core.framework.TestConfig">
    <ignored/>
  </testcase> <!-- @BeforeTest beginTestCase -->
  <testcase name="@BeforeSuite testBeforeSuite" time="0.0" classname="com.sapient.qa.cats.core.framework.TestConfig">
    <ignored/>
  </testcase> <!-- @BeforeSuite testBeforeSuite -->
  <testcase name="@AfterSuite testAfterSuite" time="0.0" classname="com.sapient.qa.cats.core.framework.TestConfig">
    <ignored/>
  </testcase> <!-- @AfterSuite testAfterSuite -->
  <testcase name="@AfterTest endTestcase" time="0.0" classname="com.sapient.qa.cats.core.framework.TestConfig">
    <ignored/>
  </testcase> <!-- @AfterTest endTestcase -->
</testsuite> <!-- SimpleCATSBDD -->
