<?xml version="1.0" encoding="UTF-8"?>
<!-- Generated by org.testng.reporters.JUnitXMLReporter -->
<testsuite hostname="WKWIN5161291" ignored="4" name="SCENARIOS_MLRU" tests="4" failures="0" timestamp="09 Aug 2018 14:00:59 GMT" time="31.576" errors="0">
  <testcase name="BALaunch1" time="24.447" classname="com.sapient.qa.cats.core.selenium.testng.test.scenario.SCENARIOS_MLRU"/>
  <testcase name="BAVerifyHeader2" time="2.883" classname="com.sapient.qa.cats.core.selenium.testng.test.scenario.SCENARIOS_MLRU"/>
  <testcase name="BAVerifyFooter3" time="3.479" classname="com.sapient.qa.cats.core.selenium.testng.test.scenario.SCENARIOS_MLRU"/>
  <testcase name="BAQuit4" time="0.753" classname="com.sapient.qa.cats.core.selenium.testng.test.scenario.SCENARIOS_MLRU"/>
  <testcase name="@BeforeTest beginTestCase" time="0.0" classname="com.sapient.qa.cats.core.framework.TestConfig">
    <ignored/>
  </testcase> <!-- @BeforeTest beginTestCase -->
  <testcase name="@BeforeSuite testBeforeSuite" time="0.0" classname="com.sapient.qa.cats.core.framework.TestConfig">
    <ignored/>
  </testcase> <!-- @BeforeSuite testBeforeSuite -->
  <testcase name="@AfterSuite testAfterSuite" time="0.0" classname="com.sapient.qa.cats.core.framework.TestConfig">
    <ignored/>
  </testcase> <!-- @AfterSuite testAfterSuite -->
  <testcase name="@AfterTest endTestcase" time="0.0" classname="com.sapient.qa.cats.core.framework.TestConfig">
    <ignored/>
  </testcase> <!-- @AfterTest endTestcase -->
</testsuite> <!-- SCENARIOS_MLRU -->
