<?xml version="1.0" encoding="UTF-8"?>
<!-- Generated by org.testng.reporters.JUnitXMLReporter -->
<testsuite hostname="WKWIN9666763" ignored="4" name="SCENARIOS_40" tests="8" failures="0" timestamp="11 Jan 2019 12:12:46 GMT" time="13.72" errors="0">
  <testcase name="COMMON_LaunchSite1" time="13.22" classname="com.sapient.qa.cats.core.selenium.testng.test.scenario.SCENARIOS_40"/>
  <testcase name="COMMON_CLOSEOVERLAY2" time="0.037" classname="com.sapient.qa.cats.core.selenium.testng.test.scenario.SCENARIOS_40"/>
  <testcase name="HEADER_ClickCoffeeLink3" time="0.085" classname="com.sapient.qa.cats.core.selenium.testng.test.scenario.SCENARIOS_40"/>
  <testcase name="PLP_ClickProduct4" time="0.025" classname="com.sapient.qa.cats.core.selenium.testng.test.scenario.SCENARIOS_40"/>
  <testcase name="PDP_AddToCart5" time="0.057" classname="com.sapient.qa.cats.core.selenium.testng.test.scenario.SCENARIOS_40"/>
  <testcase name="PDP_MiniCartIconClick6" time="0.075" classname="com.sapient.qa.cats.core.selenium.testng.test.scenario.SCENARIOS_40"/>
  <testcase name="CART_MiniCartItemAddVerify7" time="0.096" classname="com.sapient.qa.cats.core.selenium.testng.test.scenario.SCENARIOS_40"/>
  <testcase name="COMMON_CloseWindow8" time="0.109" classname="com.sapient.qa.cats.core.selenium.testng.test.scenario.SCENARIOS_40"/>
  <testcase name="@BeforeTest beginTestCase" time="0.0" classname="com.sapient.qa.cats.core.framework.TestConfig">
    <ignored/>
  </testcase> <!-- @BeforeTest beginTestCase -->
  <testcase name="@BeforeSuite testBeforeSuite" time="0.0" classname="com.sapient.qa.cats.core.framework.TestConfig">
    <ignored/>
  </testcase> <!-- @BeforeSuite testBeforeSuite -->
  <testcase name="@AfterSuite testAfterSuite" time="0.0" classname="com.sapient.qa.cats.core.framework.TestConfig">
    <ignored/>
  </testcase> <!-- @AfterSuite testAfterSuite -->
  <testcase name="@AfterTest endTestcase" time="0.0" classname="com.sapient.qa.cats.core.framework.TestConfig">
    <ignored/>
  </testcase> <!-- @AfterTest endTestcase -->
</testsuite> <!-- SCENARIOS_40 -->
