<?xml version="1.0" encoding="UTF-8"?>
<!-- Generated by org.testng.reporters.JUnitXMLReporter -->
<testsuite hostname="WKWIN5161291" ignored="4" name="SCENARIOS_MLDE" tests="4" failures="0" timestamp="09 Aug 2018 13:59:57 GMT" time="43.676" errors="0">
  <testcase name="BALaunch1" time="26.451" classname="com.sapient.qa.cats.core.selenium.testng.test.scenario.SCENARIOS_MLDE"/>
  <testcase name="BAVerifyHeader2" time="3.386" classname="com.sapient.qa.cats.core.selenium.testng.test.scenario.SCENARIOS_MLDE"/>
  <testcase name="BAVerifyFooter3" time="4.065" classname="com.sapient.qa.cats.core.selenium.testng.test.scenario.SCENARIOS_MLDE"/>
  <testcase name="BAQuit4" time="9.749" classname="com.sapient.qa.cats.core.selenium.testng.test.scenario.SCENARIOS_MLDE"/>
  <testcase name="@BeforeTest beginTestCase" time="0.0" classname="com.sapient.qa.cats.core.framework.TestConfig">
    <ignored/>
  </testcase> <!-- @BeforeTest beginTestCase -->
  <testcase name="@BeforeSuite testBeforeSuite" time="0.0" classname="com.sapient.qa.cats.core.framework.TestConfig">
    <ignored/>
  </testcase> <!-- @BeforeSuite testBeforeSuite -->
  <testcase name="@AfterSuite testAfterSuite" time="0.0" classname="com.sapient.qa.cats.core.framework.TestConfig">
    <ignored/>
  </testcase> <!-- @AfterSuite testAfterSuite -->
  <testcase name="@AfterTest endTestcase" time="0.0" classname="com.sapient.qa.cats.core.framework.TestConfig">
    <ignored/>
  </testcase> <!-- @AfterTest endTestcase -->
</testsuite> <!-- SCENARIOS_MLDE -->
