<?xml version="1.0" encoding="UTF-8"?>
<!-- Generated by org.testng.reporters.JUnitXMLReporter -->
<testsuite hostname="WKWIN5161291" ignored="4" name="SCENARIOS_ControlFlowTest2" tests="8" failures="0" timestamp="09 Oct 2018 09:02:22 GMT" time="12.965" errors="0">
  <testcase name="LoopTestingForEachStartTesting1" time="5.726" classname="com.sapient.qa.cats.core.selenium.testng.test.scenario.SCENARIOS_ControlFlowTest2"/>
  <testcase name="LoopTestingTest2" time="0.239" classname="com.sapient.qa.cats.core.selenium.testng.test.scenario.SCENARIOS_ControlFlowTest2"/>
  <testcase name="LoopTestingLoopUntilTest3" time="3.438" classname="com.sapient.qa.cats.core.selenium.testng.test.scenario.SCENARIOS_ControlFlowTest2"/>
  <testcase name="LoopTestingWhileLoopTest4" time="0.189" classname="com.sapient.qa.cats.core.selenium.testng.test.scenario.SCENARIOS_ControlFlowTest2"/>
  <testcase name="LoopTestingLoopSkipFailTest5" time="1.272" classname="com.sapient.qa.cats.core.selenium.testng.test.scenario.SCENARIOS_ControlFlowTest2"/>
  <testcase name="LoopTestingLoopSkipPassTest6" time="0.414" classname="com.sapient.qa.cats.core.selenium.testng.test.scenario.SCENARIOS_ControlFlowTest2"/>
  <testcase name="LoopTestingLoopBreakFailTest7" time="1.262" classname="com.sapient.qa.cats.core.selenium.testng.test.scenario.SCENARIOS_ControlFlowTest2"/>
  <testcase name="LoopTestingLoopBreakPassTest8" time="0.359" classname="com.sapient.qa.cats.core.selenium.testng.test.scenario.SCENARIOS_ControlFlowTest2"/>
  <testcase name="@BeforeTest beginTestCase" time="0.0" classname="com.sapient.qa.cats.core.framework.TestConfig">
    <ignored/>
  </testcase> <!-- @BeforeTest beginTestCase -->
  <testcase name="@BeforeSuite testBeforeSuite" time="0.0" classname="com.sapient.qa.cats.core.framework.TestConfig">
    <ignored/>
  </testcase> <!-- @BeforeSuite testBeforeSuite -->
  <testcase name="@AfterSuite testAfterSuite" time="0.0" classname="com.sapient.qa.cats.core.framework.TestConfig">
    <ignored/>
  </testcase> <!-- @AfterSuite testAfterSuite -->
  <testcase name="@AfterTest endTestcase" time="0.0" classname="com.sapient.qa.cats.core.framework.TestConfig">
    <ignored/>
  </testcase> <!-- @AfterTest endTestcase -->
</testsuite> <!-- SCENARIOS_ControlFlowTest2 -->
