<?xml version="1.0" encoding="UTF-8"?>
<!-- Generated by org.testng.reporters.JUnitXMLReporter -->
<testsuite hostname="WKWIN9666763" ignored="4" name="SCENARIOS_43" tests="6" failures="0" timestamp="11 Jan 2019 12:12:36 GMT" time="2.2" errors="0">
  <testcase name="COMMON_LaunchSite1" time="2.084" classname="com.sapient.qa.cats.core.selenium.testng.test.scenario.SCENARIOS_43"/>
  <testcase name="COMMON_CLOSEOVERLAY2" time="0.029" classname="com.sapient.qa.cats.core.selenium.testng.test.scenario.SCENARIOS_43"/>
  <testcase name="HEADER_ClickCoffeeLink3" time="0.02" classname="com.sapient.qa.cats.core.selenium.testng.test.scenario.SCENARIOS_43"/>
  <testcase name="PLP_ClickProduct4" time="0.028" classname="com.sapient.qa.cats.core.selenium.testng.test.scenario.SCENARIOS_43"/>
  <testcase name="PDP_VerifyATCAndATAD5" time="0.02" classname="com.sapient.qa.cats.core.selenium.testng.test.scenario.SCENARIOS_43"/>
  <testcase name="COMMON_CloseWindow6" time="0.01" classname="com.sapient.qa.cats.core.selenium.testng.test.scenario.SCENARIOS_43"/>
  <testcase name="@BeforeTest beginTestCase" time="0.0" classname="com.sapient.qa.cats.core.framework.TestConfig">
    <ignored/>
  </testcase> <!-- @BeforeTest beginTestCase -->
  <testcase name="@BeforeSuite testBeforeSuite" time="0.0" classname="com.sapient.qa.cats.core.framework.TestConfig">
    <ignored/>
  </testcase> <!-- @BeforeSuite testBeforeSuite -->
  <testcase name="@AfterSuite testAfterSuite" time="0.0" classname="com.sapient.qa.cats.core.framework.TestConfig">
    <ignored/>
  </testcase> <!-- @AfterSuite testAfterSuite -->
  <testcase name="@AfterTest endTestcase" time="0.0" classname="com.sapient.qa.cats.core.framework.TestConfig">
    <ignored/>
  </testcase> <!-- @AfterTest endTestcase -->
</testsuite> <!-- SCENARIOS_43 -->
