<?xml version="1.0" encoding="UTF-8"?>
<!-- Generated by org.testng.reporters.JUnitXMLReporter -->
<testsuite hostname="WKWIN5161291" ignored="4" name="SCENARIOS_5766024" tests="4" failures="0" timestamp="25 Sep 2018 15:48:39 GMT" time="133.413" errors="0">
  <testcase name="HomePageLaunch1" time="23.279" classname="com.sapient.qa.cats.core.selenium.testng.test.scenario.SCENARIOS_5766024"/>
  <testcase name="HomePageVerifyHamburgerAndClickHamburger2" time="21.192" classname="com.sapient.qa.cats.core.selenium.testng.test.scenario.SCENARIOS_5766024"/>
  <testcase name="HomePageNewUser3" time="88.117" classname="com.sapient.qa.cats.core.selenium.testng.test.scenario.SCENARIOS_5766024"/>
  <testcase name="HomePageQuit4" time="0.765" classname="com.sapient.qa.cats.core.selenium.testng.test.scenario.SCENARIOS_5766024"/>
  <testcase name="@BeforeTest beginTestCase" time="0.0" classname="com.sapient.qa.cats.core.framework.TestConfig">
    <ignored/>
  </testcase> <!-- @BeforeTest beginTestCase -->
  <testcase name="@BeforeSuite testBeforeSuite" time="0.0" classname="com.sapient.qa.cats.core.framework.TestConfig">
    <ignored/>
  </testcase> <!-- @BeforeSuite testBeforeSuite -->
  <testcase name="@AfterSuite testAfterSuite" time="0.0" classname="com.sapient.qa.cats.core.framework.TestConfig">
    <ignored/>
  </testcase> <!-- @AfterSuite testAfterSuite -->
  <testcase name="@AfterTest endTestcase" time="0.0" classname="com.sapient.qa.cats.core.framework.TestConfig">
    <ignored/>
  </testcase> <!-- @AfterTest endTestcase -->
</testsuite> <!-- SCENARIOS_5766024 -->
