<?xml version="1.0" encoding="UTF-8"?>
<!-- Generated by org.testng.reporters.JUnitXMLReporter -->
<testsuite hostname="WKWIN5161291" name="SCENARIOS_TDMExport" tests="4" failures="0" timestamp="10 Aug 2018 07:49:13 GMT" time="37.813" errors="0">
  <testcase name="BALaunch21" time="35.147" classname="com.sapient.qa.cats.core.selenium.testng.test.scenario.SCENARIOS_TDMExport"/>
  <testcase name="BACaptureHeader2" time="0.71" classname="com.sapient.qa.cats.core.selenium.testng.test.scenario.SCENARIOS_TDMExport"/>
  <testcase name="BACaptureFooter3" time="0.941" classname="com.sapient.qa.cats.core.selenium.testng.test.scenario.SCENARIOS_TDMExport"/>
  <testcase name="BAQuit4" time="0.935" classname="com.sapient.qa.cats.core.selenium.testng.test.scenario.SCENARIOS_TDMExport"/>
</testsuite> <!-- SCENARIOS_TDMExport -->
