<?xml version="1.0" encoding="UTF-8"?>
<!-- Generated by org.testng.reporters.JUnitXMLReporter -->
<testsuite hostname="WKWIN9666763" ignored="4" name="SCENARIOS_1" tests="12" failures="0" timestamp="07 Jan 2019 11:01:49 GMT" time="230.163" errors="0">
  <testcase name="COMMON_LaunchSite1" time="108.229" classname="com.sapient.qa.cats.core.selenium.testng.test.scenario.SCENARIOS_1"/>
  <testcase name="COMMON_ExistingUserSignIn2" time="50.71" classname="com.sapient.qa.cats.core.selenium.testng.test.scenario.SCENARIOS_1"/>
  <testcase name="HEADER_ClickCoffeeLink3" time="61.401" classname="com.sapient.qa.cats.core.selenium.testng.test.scenario.SCENARIOS_1"/>
  <testcase name="PLP_ClickProduct4" time="1.082" classname="com.sapient.qa.cats.core.selenium.testng.test.scenario.SCENARIOS_1"/>
  <testcase name="PDP_AddToCart5" time="1.067" classname="com.sapient.qa.cats.core.selenium.testng.test.scenario.SCENARIOS_1"/>
  <testcase name="PDP_MiniCartIconClick6" time="1.079" classname="com.sapient.qa.cats.core.selenium.testng.test.scenario.SCENARIOS_1"/>
  <testcase name="CART_ClickCheckOutBttn7" time="1.083" classname="com.sapient.qa.cats.core.selenium.testng.test.scenario.SCENARIOS_1"/>
  <testcase name="SHIPPING_ClickContinue8" time="1.071" classname="com.sapient.qa.cats.core.selenium.testng.test.scenario.SCENARIOS_1"/>
  <testcase name="PAYMENT_VISALoggedInUser9" time="1.084" classname="com.sapient.qa.cats.core.selenium.testng.test.scenario.SCENARIOS_1"/>
  <testcase name="REVIEW_PlaceOrder10" time="1.079" classname="com.sapient.qa.cats.core.selenium.testng.test.scenario.SCENARIOS_1"/>
  <testcase name="REVIEW_VerifyThankYouText11" time="1.097" classname="com.sapient.qa.cats.core.selenium.testng.test.scenario.SCENARIOS_1"/>
  <testcase name="COMMON_CloseWindow12" time="1.109" classname="com.sapient.qa.cats.core.selenium.testng.test.scenario.SCENARIOS_1"/>
  <testcase name="@BeforeTest beginTestCase" time="0.0" classname="com.sapient.qa.cats.core.framework.TestConfig">
    <ignored/>
  </testcase> <!-- @BeforeTest beginTestCase -->
  <testcase name="@BeforeSuite testBeforeSuite" time="0.0" classname="com.sapient.qa.cats.core.framework.TestConfig">
    <ignored/>
  </testcase> <!-- @BeforeSuite testBeforeSuite -->
  <testcase name="@AfterSuite testAfterSuite" time="0.0" classname="com.sapient.qa.cats.core.framework.TestConfig">
    <ignored/>
  </testcase> <!-- @AfterSuite testAfterSuite -->
  <testcase name="@AfterTest endTestcase" time="0.0" classname="com.sapient.qa.cats.core.framework.TestConfig">
    <ignored/>
  </testcase> <!-- @AfterTest endTestcase -->
</testsuite> <!-- SCENARIOS_1 -->
