<?xml version="1.0" encoding="UTF-8"?>
<!-- Generated by org.testng.reporters.JUnitXMLReporter -->
<testsuite hostname="WKWIN9666763" ignored="4" name="SCENARIOS_38" tests="7" failures="0" timestamp="11 Jan 2019 12:12:43 GMT" time="10.76" errors="0">
  <testcase name="COMMON_LaunchSite1" time="10.592" classname="com.sapient.qa.cats.core.selenium.testng.test.scenario.SCENARIOS_38"/>
  <testcase name="COMMON_CLOSEOVERLAY2" time="0.028" classname="com.sapient.qa.cats.core.selenium.testng.test.scenario.SCENARIOS_38"/>
  <testcase name="HEADER_ClickCoffeeLink3" time="0.033" classname="com.sapient.qa.cats.core.selenium.testng.test.scenario.SCENARIOS_38"/>
  <testcase name="PLP_ClickProduct4" time="0.021" classname="com.sapient.qa.cats.core.selenium.testng.test.scenario.SCENARIOS_38"/>
  <testcase name="PDP_VerifySingleMultiVariant5" time="0.017" classname="com.sapient.qa.cats.core.selenium.testng.test.scenario.SCENARIOS_38"/>
  <testcase name="PDP_VerifyATCAndATAD6" time="0.024" classname="com.sapient.qa.cats.core.selenium.testng.test.scenario.SCENARIOS_38"/>
  <testcase name="COMMON_CloseWindow7" time="0.031" classname="com.sapient.qa.cats.core.selenium.testng.test.scenario.SCENARIOS_38"/>
  <testcase name="@BeforeTest beginTestCase" time="0.0" classname="com.sapient.qa.cats.core.framework.TestConfig">
    <ignored/>
  </testcase> <!-- @BeforeTest beginTestCase -->
  <testcase name="@BeforeSuite testBeforeSuite" time="0.0" classname="com.sapient.qa.cats.core.framework.TestConfig">
    <ignored/>
  </testcase> <!-- @BeforeSuite testBeforeSuite -->
  <testcase name="@AfterSuite testAfterSuite" time="0.0" classname="com.sapient.qa.cats.core.framework.TestConfig">
    <ignored/>
  </testcase> <!-- @AfterSuite testAfterSuite -->
  <testcase name="@AfterTest endTestcase" time="0.0" classname="com.sapient.qa.cats.core.framework.TestConfig">
    <ignored/>
  </testcase> <!-- @AfterTest endTestcase -->
</testsuite> <!-- SCENARIOS_38 -->
