<?xml version="1.0" encoding="UTF-8"?>
<!-- Generated by org.testng.reporters.JUnitXMLReporter -->
<testsuite hostname="WKWIN9666763" ignored="4" name="SCENARIOS_30" tests="8" failures="0" timestamp="11 Jan 2019 12:11:16 GMT" time="4.284" errors="0">
  <testcase name="COMMON_LaunchSite1" time="3.831" classname="com.sapient.qa.cats.core.selenium.testng.test.scenario.SCENARIOS_30"/>
  <testcase name="COMMON_CLOSEOVERLAY2" time="0.047" classname="com.sapient.qa.cats.core.selenium.testng.test.scenario.SCENARIOS_30"/>
  <testcase name="COMMON_MyAccountClick3" time="0.031" classname="com.sapient.qa.cats.core.selenium.testng.test.scenario.SCENARIOS_30"/>
  <testcase name="COMMON_RegisterAnAccount4" time="0.069" classname="com.sapient.qa.cats.core.selenium.testng.test.scenario.SCENARIOS_30"/>
  <testcase name="COMMON_GlobalMsgRegistrationSuccess5" time="0.031" classname="com.sapient.qa.cats.core.selenium.testng.test.scenario.SCENARIOS_30"/>
  <testcase name="HEADER_ClickCoffeeLink6" time="0.034" classname="com.sapient.qa.cats.core.selenium.testng.test.scenario.SCENARIOS_30"/>
  <testcase name="PLP_VerifyPagination7" time="0.031" classname="com.sapient.qa.cats.core.selenium.testng.test.scenario.SCENARIOS_30"/>
  <testcase name="COMMON_CloseWindow8" time="0.04" classname="com.sapient.qa.cats.core.selenium.testng.test.scenario.SCENARIOS_30"/>
  <testcase name="@BeforeTest beginTestCase" time="0.0" classname="com.sapient.qa.cats.core.framework.TestConfig">
    <ignored/>
  </testcase> <!-- @BeforeTest beginTestCase -->
  <testcase name="@BeforeSuite testBeforeSuite" time="0.0" classname="com.sapient.qa.cats.core.framework.TestConfig">
    <ignored/>
  </testcase> <!-- @BeforeSuite testBeforeSuite -->
  <testcase name="@AfterSuite testAfterSuite" time="0.0" classname="com.sapient.qa.cats.core.framework.TestConfig">
    <ignored/>
  </testcase> <!-- @AfterSuite testAfterSuite -->
  <testcase name="@AfterTest endTestcase" time="0.0" classname="com.sapient.qa.cats.core.framework.TestConfig">
    <ignored/>
  </testcase> <!-- @AfterTest endTestcase -->
</testsuite> <!-- SCENARIOS_30 -->
