<?xml version="1.0" encoding="UTF-8"?>
<!-- Generated by org.testng.reporters.JUnitXMLReporter -->
<testsuite hostname="WKWIN5161291" ignored="4" name="SCENARIOS_CARGILLFacetsList" tests="4" failures="0" timestamp="24 Aug 2018 04:28:14 GMT" time="138.394" errors="0">
  <testcase name="CARGILLLaunchAltSite1" time="25.992" classname="com.sapient.qa.cats.core.selenium.testng.test.scenario.SCENARIOS_CARGILLFacetsList"/>
  <testcase name="CARGILLOktaLogin2" time="12.838" classname="com.sapient.qa.cats.core.selenium.testng.test.scenario.SCENARIOS_CARGILLFacetsList"/>
  <testcase name="CARGILLScrollProdPLP3" time="12.942" classname="com.sapient.qa.cats.core.selenium.testng.test.scenario.SCENARIOS_CARGILLFacetsList"/>
  <testcase name="CARGILLFacetsProdPage4" time="86.554" classname="com.sapient.qa.cats.core.selenium.testng.test.scenario.SCENARIOS_CARGILLFacetsList"/>
  <testcase name="@BeforeTest beginTestCase" time="0.0" classname="com.sapient.qa.cats.core.framework.TestConfig">
    <ignored/>
  </testcase> <!-- @BeforeTest beginTestCase -->
  <testcase name="@BeforeSuite testBeforeSuite" time="0.0" classname="com.sapient.qa.cats.core.framework.TestConfig">
    <ignored/>
  </testcase> <!-- @BeforeSuite testBeforeSuite -->
  <testcase name="@AfterSuite testAfterSuite" time="0.0" classname="com.sapient.qa.cats.core.framework.TestConfig">
    <ignored/>
  </testcase> <!-- @AfterSuite testAfterSuite -->
  <testcase name="@AfterTest endTestcase" time="0.0" classname="com.sapient.qa.cats.core.framework.TestConfig">
    <ignored/>
  </testcase> <!-- @AfterTest endTestcase -->
</testsuite> <!-- SCENARIOS_CARGILLFacetsList -->
