<?xml version="1.0" encoding="UTF-8"?>
<!-- Generated by org.testng.reporters.JUnitXMLReporter -->
<testsuite hostname="WKWIN5161291" ignored="4" name="SCENARIOS_AMZDTP" tests="8" failures="0" timestamp="15 Oct 2018 14:59:44 GMT" time="163.348" errors="0">
  <testcase name="AMZLaunchHomePage1" time="17.39" classname="com.sapient.qa.cats.core.selenium.testng.test.scenario.SCENARIOS_AMZDTP"/>
  <testcase name="AMZSearchForProduct2" time="2.777" classname="com.sapient.qa.cats.core.selenium.testng.test.scenario.SCENARIOS_AMZDTP"/>
  <testcase name="AMZSelectProduct3" time="1.609" classname="com.sapient.qa.cats.core.selenium.testng.test.scenario.SCENARIOS_AMZDTP"/>
  <testcase name="AMZSwitchWind4" time="0.1" classname="com.sapient.qa.cats.core.selenium.testng.test.scenario.SCENARIOS_AMZDTP"/>
  <testcase name="AMZVerifyProductDetails5" time="48.963" classname="com.sapient.qa.cats.core.selenium.testng.test.scenario.SCENARIOS_AMZDTP"/>
  <testcase name="AMZAddToShoppingCart6" time="58.441" classname="com.sapient.qa.cats.core.selenium.testng.test.scenario.SCENARIOS_AMZDTP"/>
  <testcase name="AMZVerifyCart7" time="33.16" classname="com.sapient.qa.cats.core.selenium.testng.test.scenario.SCENARIOS_AMZDTP"/>
  <testcase name="AMZQuit8" time="0.841" classname="com.sapient.qa.cats.core.selenium.testng.test.scenario.SCENARIOS_AMZDTP"/>
  <testcase name="@BeforeTest beginTestCase" time="0.0" classname="com.sapient.qa.cats.core.framework.TestConfig">
    <ignored/>
  </testcase> <!-- @BeforeTest beginTestCase -->
  <testcase name="@BeforeSuite testBeforeSuite" time="0.0" classname="com.sapient.qa.cats.core.framework.TestConfig">
    <ignored/>
  </testcase> <!-- @BeforeSuite testBeforeSuite -->
  <testcase name="@AfterSuite testAfterSuite" time="0.0" classname="com.sapient.qa.cats.core.framework.TestConfig">
    <ignored/>
  </testcase> <!-- @AfterSuite testAfterSuite -->
  <testcase name="@AfterTest endTestcase" time="0.0" classname="com.sapient.qa.cats.core.framework.TestConfig">
    <ignored/>
  </testcase> <!-- @AfterTest endTestcase -->
</testsuite> <!-- SCENARIOS_AMZDTP -->
