<?xml version="1.0" encoding="UTF-8"?>
<!-- Generated by org.testng.reporters.JUnitXMLReporter -->
<testsuite hostname="WKWIN9666763" ignored="4" name="SCENARIOS_31" tests="4" failures="0" timestamp="11 Jan 2019 12:12:11 GMT" time="58.882" errors="0">
  <testcase name="COMMON_LaunchSite1" time="49.921" classname="com.sapient.qa.cats.core.selenium.testng.test.scenario.SCENARIOS_31"/>
  <testcase name="COMMON_CLOSEOVERLAY2" time="7.466" classname="com.sapient.qa.cats.core.selenium.testng.test.scenario.SCENARIOS_31"/>
  <testcase name="HEADER_VerifyHeaders3" time="0.2" classname="com.sapient.qa.cats.core.selenium.testng.test.scenario.SCENARIOS_31"/>
  <testcase name="COMMON_CloseWindow4" time="1.148" classname="com.sapient.qa.cats.core.selenium.testng.test.scenario.SCENARIOS_31"/>
  <testcase name="@BeforeTest beginTestCase" time="0.0" classname="com.sapient.qa.cats.core.framework.TestConfig">
    <ignored/>
  </testcase> <!-- @BeforeTest beginTestCase -->
  <testcase name="@BeforeSuite testBeforeSuite" time="0.0" classname="com.sapient.qa.cats.core.framework.TestConfig">
    <ignored/>
  </testcase> <!-- @BeforeSuite testBeforeSuite -->
  <testcase name="@AfterSuite testAfterSuite" time="0.0" classname="com.sapient.qa.cats.core.framework.TestConfig">
    <ignored/>
  </testcase> <!-- @AfterSuite testAfterSuite -->
  <testcase name="@AfterTest endTestcase" time="0.0" classname="com.sapient.qa.cats.core.framework.TestConfig">
    <ignored/>
  </testcase> <!-- @AfterTest endTestcase -->
</testsuite> <!-- SCENARIOS_31 -->
