<?xml version="1.0" encoding="UTF-8"?>
<!-- Generated by org.testng.reporters.JUnitXMLReporter -->
<testsuite hostname="WKWIN9666763" ignored="4" name="SCENARIOS_32" tests="13" failures="0" timestamp="11 Jan 2019 12:14:28 GMT" time="195.844" errors="0">
  <testcase name="COMMON_LaunchSite1" time="60.149" classname="com.sapient.qa.cats.core.selenium.testng.test.scenario.SCENARIOS_32"/>
  <testcase name="COMMON_CLOSEOVERLAY2" time="6.006" classname="com.sapient.qa.cats.core.selenium.testng.test.scenario.SCENARIOS_32"/>
  <testcase name="HEADER_ClickCoffeeLink3" time="30.286" classname="com.sapient.qa.cats.core.selenium.testng.test.scenario.SCENARIOS_32"/>
  <testcase name="PLP_ClickProduct4" time="15.046" classname="com.sapient.qa.cats.core.selenium.testng.test.scenario.SCENARIOS_32"/>
  <testcase name="PDP_AddToCart5" time="5.119" classname="com.sapient.qa.cats.core.selenium.testng.test.scenario.SCENARIOS_32"/>
  <testcase name="PDP_MiniCartIconClick6" time="5.098" classname="com.sapient.qa.cats.core.selenium.testng.test.scenario.SCENARIOS_32"/>
  <testcase name="CART_AutoDelivery7" time="30.225" classname="com.sapient.qa.cats.core.selenium.testng.test.scenario.SCENARIOS_32"/>
  <testcase name="CART_ClickCheckOutBttn8" time="10.064" classname="com.sapient.qa.cats.core.selenium.testng.test.scenario.SCENARIOS_32"/>
  <testcase name="COMMON_CreateAnAccount9" time="10.154" classname="com.sapient.qa.cats.core.selenium.testng.test.scenario.SCENARIOS_32"/>
  <testcase name="Shipping_FillShippingDetails10" time="10.232" classname="com.sapient.qa.cats.core.selenium.testng.test.scenario.SCENARIOS_32"/>
  <testcase name="Payment_VISALoggedInUser11" time="8.238" classname="com.sapient.qa.cats.core.selenium.testng.test.scenario.SCENARIOS_32"/>
  <testcase name="Review_PlaceOrder112" time="5.041" classname="com.sapient.qa.cats.core.selenium.testng.test.scenario.SCENARIOS_32"/>
  <testcase name="COMMON_CloseWindow13" time="0.046" classname="com.sapient.qa.cats.core.selenium.testng.test.scenario.SCENARIOS_32"/>
  <testcase name="@BeforeTest beginTestCase" time="0.0" classname="com.sapient.qa.cats.core.framework.TestConfig">
    <ignored/>
  </testcase> <!-- @BeforeTest beginTestCase -->
  <testcase name="@BeforeSuite testBeforeSuite" time="0.0" classname="com.sapient.qa.cats.core.framework.TestConfig">
    <ignored/>
  </testcase> <!-- @BeforeSuite testBeforeSuite -->
  <testcase name="@AfterSuite testAfterSuite" time="0.0" classname="com.sapient.qa.cats.core.framework.TestConfig">
    <ignored/>
  </testcase> <!-- @AfterSuite testAfterSuite -->
  <testcase name="@AfterTest endTestcase" time="0.0" classname="com.sapient.qa.cats.core.framework.TestConfig">
    <ignored/>
  </testcase> <!-- @AfterTest endTestcase -->
</testsuite> <!-- SCENARIOS_32 -->
