<?xml version="1.0" encoding="UTF-8"?>
<!-- Generated by org.testng.reporters.JUnitXMLReporter -->
<testsuite hostname="WKWIN5161291" ignored="4" name="SCENARIOS_5706723" tests="12" failures="0" timestamp="25 Sep 2018 14:09:21 GMT" time="1.843" errors="0">
  <testcase name="HomePageLaunch1" time="1.171" classname="com.sapient.qa.cats.core.selenium.testng.test.scenario.SCENARIOS_5706723"/>
  <testcase name="HomePageVerifyHamburgerAndClickHamburger2" time="0.05" classname="com.sapient.qa.cats.core.selenium.testng.test.scenario.SCENARIOS_5706723"/>
  <testcase name="HomePageExistingUser3" time="0.115" classname="com.sapient.qa.cats.core.selenium.testng.test.scenario.SCENARIOS_5706723"/>
  <testcase name="InternetOverviewPageAddValuePlanProduct4" time="0.039" classname="com.sapient.qa.cats.core.selenium.testng.test.scenario.SCENARIOS_5706723"/>
  <testcase name="CartProceedToCheckout5" time="0.026" classname="com.sapient.qa.cats.core.selenium.testng.test.scenario.SCENARIOS_5706723"/>
  <testcase name="CheckoutEnterContactDetails6" time="0.135" classname="com.sapient.qa.cats.core.selenium.testng.test.scenario.SCENARIOS_5706723"/>
  <testcase name="CheckoutSelectDefaultDwellingType7" time="0.026" classname="com.sapient.qa.cats.core.selenium.testng.test.scenario.SCENARIOS_5706723"/>
  <testcase name="CheckoutSelectProfessionalInstallation8" time="0.103" classname="com.sapient.qa.cats.core.selenium.testng.test.scenario.SCENARIOS_5706723"/>
  <testcase name="CheckoutSelectOptionalPreference9" time="0.048" classname="com.sapient.qa.cats.core.selenium.testng.test.scenario.SCENARIOS_5706723"/>
  <testcase name="CheckoutSelectOptionalPreference10" time="0.045" classname="com.sapient.qa.cats.core.selenium.testng.test.scenario.SCENARIOS_5706723"/>
  <testcase name="CheckoutRemoveOptionalPreference11" time="0.04" classname="com.sapient.qa.cats.core.selenium.testng.test.scenario.SCENARIOS_5706723"/>
  <testcase name="HomePageQuit12" time="0.023" classname="com.sapient.qa.cats.core.selenium.testng.test.scenario.SCENARIOS_5706723"/>
  <testcase name="@BeforeTest beginTestCase" time="0.0" classname="com.sapient.qa.cats.core.framework.TestConfig">
    <ignored/>
  </testcase> <!-- @BeforeTest beginTestCase -->
  <testcase name="@BeforeSuite testBeforeSuite" time="0.0" classname="com.sapient.qa.cats.core.framework.TestConfig">
    <ignored/>
  </testcase> <!-- @BeforeSuite testBeforeSuite -->
  <testcase name="@AfterSuite testAfterSuite" time="0.0" classname="com.sapient.qa.cats.core.framework.TestConfig">
    <ignored/>
  </testcase> <!-- @AfterSuite testAfterSuite -->
  <testcase name="@AfterTest endTestcase" time="0.0" classname="com.sapient.qa.cats.core.framework.TestConfig">
    <ignored/>
  </testcase> <!-- @AfterTest endTestcase -->
</testsuite> <!-- SCENARIOS_5706723 -->
