<?xml version="1.0" encoding="UTF-8"?>
<!-- Generated by org.testng.reporters.JUnitXMLReporter -->
<testsuite hostname="WKWIN9666763" ignored="4" name="SCENARIOS_39" tests="6" failures="0" timestamp="11 Jan 2019 12:14:10 GMT" time="98.019" errors="0">
  <testcase name="COMMON_LaunchSite1" time="31.108" classname="com.sapient.qa.cats.core.selenium.testng.test.scenario.SCENARIOS_39"/>
  <testcase name="COMMON_CLOSEOVERLAY2" time="7.365" classname="com.sapient.qa.cats.core.selenium.testng.test.scenario.SCENARIOS_39"/>
  <testcase name="HEADER_ClickCoffeeLink3" time="30.234" classname="com.sapient.qa.cats.core.selenium.testng.test.scenario.SCENARIOS_39"/>
  <testcase name="PLP_ClickProduct4" time="15.756" classname="com.sapient.qa.cats.core.selenium.testng.test.scenario.SCENARIOS_39"/>
  <testcase name="PDP_VerifyOOS5" time="12.428" classname="com.sapient.qa.cats.core.selenium.testng.test.scenario.SCENARIOS_39"/>
  <testcase name="COMMON_CloseWindow6" time="1.103" classname="com.sapient.qa.cats.core.selenium.testng.test.scenario.SCENARIOS_39"/>
  <testcase name="@BeforeTest beginTestCase" time="0.0" classname="com.sapient.qa.cats.core.framework.TestConfig">
    <ignored/>
  </testcase> <!-- @BeforeTest beginTestCase -->
  <testcase name="@BeforeSuite testBeforeSuite" time="0.0" classname="com.sapient.qa.cats.core.framework.TestConfig">
    <ignored/>
  </testcase> <!-- @BeforeSuite testBeforeSuite -->
  <testcase name="@AfterSuite testAfterSuite" time="0.0" classname="com.sapient.qa.cats.core.framework.TestConfig">
    <ignored/>
  </testcase> <!-- @AfterSuite testAfterSuite -->
  <testcase name="@AfterTest endTestcase" time="0.0" classname="com.sapient.qa.cats.core.framework.TestConfig">
    <ignored/>
  </testcase> <!-- @AfterTest endTestcase -->
</testsuite> <!-- SCENARIOS_39 -->
