<?xml version="1.0" encoding="UTF-8"?>
<!-- Generated by org.testng.reporters.JUnitXMLReporter -->
<testsuite hostname="WKWIN5161291" ignored="4" name="SCENARIOS_PubBlurbRailContent" tests="3" failures="0" timestamp="12 Sep 2018 08:04:08 GMT" time="23.683" errors="0">
  <testcase name="LaunchPubBlurbRailContent1" time="8.356" classname="com.sapient.qa.cats.core.selenium.testng.test.scenario.SCENARIOS_PubBlurbRailContent"/>
  <testcase name="BlurbRailPubBlurbRailContent2" time="14.441" classname="com.sapient.qa.cats.core.selenium.testng.test.scenario.SCENARIOS_PubBlurbRailContent"/>
  <testcase name="LoginQuitBrowser3" time="0.826" classname="com.sapient.qa.cats.core.selenium.testng.test.scenario.SCENARIOS_PubBlurbRailContent"/>
  <testcase name="@BeforeTest beginTestCase" time="0.0" classname="com.sapient.qa.cats.core.framework.TestConfig">
    <ignored/>
  </testcase> <!-- @BeforeTest beginTestCase -->
  <testcase name="@BeforeSuite testBeforeSuite" time="0.0" classname="com.sapient.qa.cats.core.framework.TestConfig">
    <ignored/>
  </testcase> <!-- @BeforeSuite testBeforeSuite -->
  <testcase name="@AfterSuite testAfterSuite" time="0.0" classname="com.sapient.qa.cats.core.framework.TestConfig">
    <ignored/>
  </testcase> <!-- @AfterSuite testAfterSuite -->
  <testcase name="@AfterTest endTestcase" time="0.0" classname="com.sapient.qa.cats.core.framework.TestConfig">
    <ignored/>
  </testcase> <!-- @AfterTest endTestcase -->
</testsuite> <!-- SCENARIOS_PubBlurbRailContent -->
