<?xml version="1.0" encoding="UTF-8"?>
<!-- Generated by org.testng.reporters.JUnitXMLReporter -->
<testsuite hostname="WKWIN9666763" ignored="4" name="SCENARIOS_42" tests="13" failures="0" timestamp="11 Jan 2019 12:12:38 GMT" time="4.45" errors="0">
  <testcase name="COMMON_LaunchSite1" time="3.778" classname="com.sapient.qa.cats.core.selenium.testng.test.scenario.SCENARIOS_42"/>
  <testcase name="COMMON_CLOSEOVERLAY2" time="0.022" classname="com.sapient.qa.cats.core.selenium.testng.test.scenario.SCENARIOS_42"/>
  <testcase name="HEADER_ClickCoffeeLink3" time="0.041" classname="com.sapient.qa.cats.core.selenium.testng.test.scenario.SCENARIOS_42"/>
  <testcase name="PLP_ClickProduct4" time="0.023" classname="com.sapient.qa.cats.core.selenium.testng.test.scenario.SCENARIOS_42"/>
  <testcase name="PDP_AddToCart5" time="0.027" classname="com.sapient.qa.cats.core.selenium.testng.test.scenario.SCENARIOS_42"/>
  <testcase name="PDP_MiniCartIconClick6" time="0.058" classname="com.sapient.qa.cats.core.selenium.testng.test.scenario.SCENARIOS_42"/>
  <testcase name="CART_AutoDelivery7" time="0.081" classname="com.sapient.qa.cats.core.selenium.testng.test.scenario.SCENARIOS_42"/>
  <testcase name="CART_ClickCheckOutBttn8" time="0.05" classname="com.sapient.qa.cats.core.selenium.testng.test.scenario.SCENARIOS_42"/>
  <testcase name="COMMON_CreateAnAccount9" time="0.061" classname="com.sapient.qa.cats.core.selenium.testng.test.scenario.SCENARIOS_42"/>
  <testcase name="Shipping_FillShippingDetails10" time="0.051" classname="com.sapient.qa.cats.core.selenium.testng.test.scenario.SCENARIOS_42"/>
  <testcase name="Payment_VISALoggedInUser11" time="0.06" classname="com.sapient.qa.cats.core.selenium.testng.test.scenario.SCENARIOS_42"/>
  <testcase name="Review_PlaceOrder112" time="0.088" classname="com.sapient.qa.cats.core.selenium.testng.test.scenario.SCENARIOS_42"/>
  <testcase name="COMMON_CloseWindow13" time="0.09" classname="com.sapient.qa.cats.core.selenium.testng.test.scenario.SCENARIOS_42"/>
  <testcase name="@BeforeTest beginTestCase" time="0.0" classname="com.sapient.qa.cats.core.framework.TestConfig">
    <ignored/>
  </testcase> <!-- @BeforeTest beginTestCase -->
  <testcase name="@BeforeSuite testBeforeSuite" time="0.0" classname="com.sapient.qa.cats.core.framework.TestConfig">
    <ignored/>
  </testcase> <!-- @BeforeSuite testBeforeSuite -->
  <testcase name="@AfterSuite testAfterSuite" time="0.0" classname="com.sapient.qa.cats.core.framework.TestConfig">
    <ignored/>
  </testcase> <!-- @AfterSuite testAfterSuite -->
  <testcase name="@AfterTest endTestcase" time="0.0" classname="com.sapient.qa.cats.core.framework.TestConfig">
    <ignored/>
  </testcase> <!-- @AfterTest endTestcase -->
</testsuite> <!-- SCENARIOS_42 -->
