<?xml version="1.0" encoding="UTF-8"?>
<!-- Generated by org.testng.reporters.JUnitXMLReporter -->
<testsuite hostname="WKWIN9666763" ignored="4" name="SCENARIOS_35" tests="6" failures="0" timestamp="11 Jan 2019 12:11:17 GMT" time="5.349" errors="0">
  <testcase name="COMMON_LaunchSite1" time="5.048" classname="com.sapient.qa.cats.core.selenium.testng.test.scenario.SCENARIOS_35"/>
  <testcase name="COMMON_CLOSEOVERLAY2" time="0.032" classname="com.sapient.qa.cats.core.selenium.testng.test.scenario.SCENARIOS_35"/>
  <testcase name="HEADER_ClickCoffeeMaker33" time="0.022" classname="com.sapient.qa.cats.core.selenium.testng.test.scenario.SCENARIOS_35"/>
  <testcase name="PLP_BrewerAddToCart4" time="0.016" classname="com.sapient.qa.cats.core.selenium.testng.test.scenario.SCENARIOS_35"/>
  <testcase name="PDP_VerifyBrewerCompareTable5" time="0.031" classname="com.sapient.qa.cats.core.selenium.testng.test.scenario.SCENARIOS_35"/>
  <testcase name="COMMON_CloseWindow6" time="0.016" classname="com.sapient.qa.cats.core.selenium.testng.test.scenario.SCENARIOS_35"/>
  <testcase name="@BeforeTest beginTestCase" time="0.0" classname="com.sapient.qa.cats.core.framework.TestConfig">
    <ignored/>
  </testcase> <!-- @BeforeTest beginTestCase -->
  <testcase name="@BeforeSuite testBeforeSuite" time="0.0" classname="com.sapient.qa.cats.core.framework.TestConfig">
    <ignored/>
  </testcase> <!-- @BeforeSuite testBeforeSuite -->
  <testcase name="@AfterSuite testAfterSuite" time="0.0" classname="com.sapient.qa.cats.core.framework.TestConfig">
    <ignored/>
  </testcase> <!-- @AfterSuite testAfterSuite -->
  <testcase name="@AfterTest endTestcase" time="0.0" classname="com.sapient.qa.cats.core.framework.TestConfig">
    <ignored/>
  </testcase> <!-- @AfterTest endTestcase -->
</testsuite> <!-- SCENARIOS_35 -->
