<?xml version="1.0" encoding="UTF-8"?>
<!-- Generated by org.testng.reporters.JUnitXMLReporter -->
<testsuite hostname="WKWIN5161291" ignored="4" name="SCENARIOS_Exit001" tests="3" failures="0" timestamp="16 Oct 2018 06:41:02 GMT" time="0.724" errors="0">
  <testcase name="ExitTC011" time="0.414" classname="com.sapient.qa.cats.core.selenium.testng.test.scenario.SCENARIOS_Exit001"/>
  <testcase name="ExitTC022" time="0.207" classname="com.sapient.qa.cats.core.selenium.testng.test.scenario.SCENARIOS_Exit001"/>
  <testcase name="ExitTC033" time="0.056" classname="com.sapient.qa.cats.core.selenium.testng.test.scenario.SCENARIOS_Exit001"/>
  <testcase name="@BeforeTest beginTestCase" time="0.0" classname="com.sapient.qa.cats.core.framework.TestConfig">
    <ignored/>
  </testcase> <!-- @BeforeTest beginTestCase -->
  <testcase name="@BeforeSuite testBeforeSuite" time="0.0" classname="com.sapient.qa.cats.core.framework.TestConfig">
    <ignored/>
  </testcase> <!-- @BeforeSuite testBeforeSuite -->
  <testcase name="@AfterSuite testAfterSuite" time="0.0" classname="com.sapient.qa.cats.core.framework.TestConfig">
    <ignored/>
  </testcase> <!-- @AfterSuite testAfterSuite -->
  <testcase name="@AfterTest endTestcase" time="0.0" classname="com.sapient.qa.cats.core.framework.TestConfig">
    <ignored/>
  </testcase> <!-- @AfterTest endTestcase -->
</testsuite> <!-- SCENARIOS_Exit001 -->
