<?xml version="1.0" encoding="UTF-8"?>
<!-- Generated by org.testng.reporters.JUnitXMLReporter -->
<testsuite hostname="WKWIN5161291" ignored="4" name="SCENARIOS_MLEN" tests="4" failures="0" timestamp="09 Aug 2018 13:59:09 GMT" time="37.002" errors="0">
  <testcase name="BALaunch1" time="25.724" classname="com.sapient.qa.cats.core.selenium.testng.test.scenario.SCENARIOS_MLEN"/>
  <testcase name="BAVerifyHeader2" time="0.74" classname="com.sapient.qa.cats.core.selenium.testng.test.scenario.SCENARIOS_MLEN"/>
  <testcase name="BAVerifyFooter3" time="0.69" classname="com.sapient.qa.cats.core.selenium.testng.test.scenario.SCENARIOS_MLEN"/>
  <testcase name="BAQuit4" time="9.767" classname="com.sapient.qa.cats.core.selenium.testng.test.scenario.SCENARIOS_MLEN"/>
  <testcase name="@BeforeTest beginTestCase" time="0.0" classname="com.sapient.qa.cats.core.framework.TestConfig">
    <ignored/>
  </testcase> <!-- @BeforeTest beginTestCase -->
  <testcase name="@BeforeSuite testBeforeSuite" time="0.0" classname="com.sapient.qa.cats.core.framework.TestConfig">
    <ignored/>
  </testcase> <!-- @BeforeSuite testBeforeSuite -->
  <testcase name="@AfterSuite testAfterSuite" time="0.0" classname="com.sapient.qa.cats.core.framework.TestConfig">
    <ignored/>
  </testcase> <!-- @AfterSuite testAfterSuite -->
  <testcase name="@AfterTest endTestcase" time="0.0" classname="com.sapient.qa.cats.core.framework.TestConfig">
    <ignored/>
  </testcase> <!-- @AfterTest endTestcase -->
</testsuite> <!-- SCENARIOS_MLEN -->
