<?xml version="1.0" encoding="UTF-8"?>
<!-- Generated by org.testng.reporters.JUnitXMLReporter -->
<testsuite hostname="WKWIN5161291" ignored="4" name="SCENARIOS_MLTestDataKey2" tests="5" failures="0" timestamp="09 Aug 2018 14:08:42 GMT" time="121.266" errors="0">
  <testcase name="BA2Launch1" time="37.963" classname="com.sapient.qa.cats.core.selenium.testng.test.scenario.SCENARIOS_MLTestDataKey2"/>
  <testcase name="BA2Launch2" time="27.456" classname="com.sapient.qa.cats.core.selenium.testng.test.scenario.SCENARIOS_MLTestDataKey2"/>
  <testcase name="BA2Launch3" time="24.629" classname="com.sapient.qa.cats.core.selenium.testng.test.scenario.SCENARIOS_MLTestDataKey2"/>
  <testcase name="BA2Launch4" time="30.388" classname="com.sapient.qa.cats.core.selenium.testng.test.scenario.SCENARIOS_MLTestDataKey2"/>
  <testcase name="BA2Quit5" time="0.811" classname="com.sapient.qa.cats.core.selenium.testng.test.scenario.SCENARIOS_MLTestDataKey2"/>
  <testcase name="@BeforeTest beginTestCase" time="0.0" classname="com.sapient.qa.cats.core.framework.TestConfig">
    <ignored/>
  </testcase> <!-- @BeforeTest beginTestCase -->
  <testcase name="@BeforeSuite testBeforeSuite" time="0.0" classname="com.sapient.qa.cats.core.framework.TestConfig">
    <ignored/>
  </testcase> <!-- @BeforeSuite testBeforeSuite -->
  <testcase name="@AfterSuite testAfterSuite" time="0.0" classname="com.sapient.qa.cats.core.framework.TestConfig">
    <ignored/>
  </testcase> <!-- @AfterSuite testAfterSuite -->
  <testcase name="@AfterTest endTestcase" time="0.0" classname="com.sapient.qa.cats.core.framework.TestConfig">
    <ignored/>
  </testcase> <!-- @AfterTest endTestcase -->
</testsuite> <!-- SCENARIOS_MLTestDataKey2 -->
