<?xml version="1.0" encoding="UTF-8"?>
<!-- Generated by org.testng.reporters.JUnitXMLReporter -->
<testsuite hostname="WKWIN5161291" ignored="4" name="SCENARIOS_2" tests="3" failures="0" timestamp="03 Sep 2018 11:12:08 GMT" time="77.069" errors="0">
  <testcase name="LoginLaunchBrowser1" time="12.913" classname="com.sapient.qa.cats.core.selenium.testng.test.scenario.SCENARIOS_2"/>
  <testcase name="LoginClickLoginLink2" time="33.703" classname="com.sapient.qa.cats.core.selenium.testng.test.scenario.SCENARIOS_2"/>
  <testcase name="LoginLogin3" time="30.379" classname="com.sapient.qa.cats.core.selenium.testng.test.scenario.SCENARIOS_2"/>
  <testcase name="@BeforeTest beginTestCase" time="0.0" classname="com.sapient.qa.cats.core.framework.TestConfig">
    <ignored/>
  </testcase> <!-- @BeforeTest beginTestCase -->
  <testcase name="@BeforeSuite testBeforeSuite" time="0.0" classname="com.sapient.qa.cats.core.framework.TestConfig">
    <ignored/>
  </testcase> <!-- @BeforeSuite testBeforeSuite -->
  <testcase name="@AfterSuite testAfterSuite" time="0.0" classname="com.sapient.qa.cats.core.framework.TestConfig">
    <ignored/>
  </testcase> <!-- @AfterSuite testAfterSuite -->
  <testcase name="@AfterTest endTestcase" time="0.0" classname="com.sapient.qa.cats.core.framework.TestConfig">
    <ignored/>
  </testcase> <!-- @AfterTest endTestcase -->
</testsuite> <!-- SCENARIOS_2 -->
