<?xml version="1.0" encoding="UTF-8"?>
<!-- Generated by org.testng.reporters.JUnitXMLReporter -->
<testsuite hostname="WKWIN5161291" ignored="4" name="SCENARIOS_1" tests="3" failures="0" timestamp="03 Sep 2018 11:12:11 GMT" time="3.473" errors="0">
  <testcase name="LoginLaunchBrowser1" time="2.565" classname="com.sapient.qa.cats.core.selenium.testng.test.scenario.SCENARIOS_1"/>
  <testcase name="LoginClickLoginLink2" time="0.408" classname="com.sapient.qa.cats.core.selenium.testng.test.scenario.SCENARIOS_1"/>
  <testcase name="LoginLogin3" time="0.481" classname="com.sapient.qa.cats.core.selenium.testng.test.scenario.SCENARIOS_1"/>
  <testcase name="@BeforeTest beginTestCase" time="0.0" classname="com.sapient.qa.cats.core.framework.TestConfig">
    <ignored/>
  </testcase> <!-- @BeforeTest beginTestCase -->
  <testcase name="@BeforeSuite testBeforeSuite" time="0.0" classname="com.sapient.qa.cats.core.framework.TestConfig">
    <ignored/>
  </testcase> <!-- @BeforeSuite testBeforeSuite -->
  <testcase name="@AfterSuite testAfterSuite" time="0.0" classname="com.sapient.qa.cats.core.framework.TestConfig">
    <ignored/>
  </testcase> <!-- @AfterSuite testAfterSuite -->
  <testcase name="@AfterTest endTestcase" time="0.0" classname="com.sapient.qa.cats.core.framework.TestConfig">
    <ignored/>
  </testcase> <!-- @AfterTest endTestcase -->
</testsuite> <!-- SCENARIOS_1 -->
