<?xml version="1.0" encoding="UTF-8"?>
<!-- Generated by org.testng.reporters.JUnitXMLReporter -->
<testsuite hostname="WKWIN9666763" ignored="4" name="SCENARIOS_MLRU" tests="4" failures="0" timestamp="04 Jan 2019 05:48:51 GMT" time="381.539" errors="0">
  <testcase name="BA_Launch1" time="127.014" classname="com.sapient.qa.cats.core.selenium.testng.test.scenario.SCENARIOS_MLRU"/>
  <testcase name="BA_VerifyHeader2" time="79.296" classname="com.sapient.qa.cats.core.selenium.testng.test.scenario.SCENARIOS_MLRU"/>
  <testcase name="BA_VerifyFooter3" time="174.411" classname="com.sapient.qa.cats.core.selenium.testng.test.scenario.SCENARIOS_MLRU"/>
  <testcase name="BA_Quit4" time="0.713" classname="com.sapient.qa.cats.core.selenium.testng.test.scenario.SCENARIOS_MLRU"/>
  <testcase name="@BeforeTest beginTestCase" time="0.0" classname="com.sapient.qa.cats.core.framework.TestConfig">
    <ignored/>
  </testcase> <!-- @BeforeTest beginTestCase -->
  <testcase name="@BeforeSuite testBeforeSuite" time="0.0" classname="com.sapient.qa.cats.core.framework.TestConfig">
    <ignored/>
  </testcase> <!-- @BeforeSuite testBeforeSuite -->
  <testcase name="@AfterSuite testAfterSuite" time="0.0" classname="com.sapient.qa.cats.core.framework.TestConfig">
    <ignored/>
  </testcase> <!-- @AfterSuite testAfterSuite -->
  <testcase name="@AfterTest endTestcase" time="0.0" classname="com.sapient.qa.cats.core.framework.TestConfig">
    <ignored/>
  </testcase> <!-- @AfterTest endTestcase -->
</testsuite> <!-- SCENARIOS_MLRU -->
