<?xml version="1.0" encoding="UTF-8"?>
<!-- Generated by org.testng.reporters.JUnitXMLReporter -->
<testsuite hostname="WKWIN9666763" ignored="4" name="SCENARIOS_28" tests="5" failures="0" timestamp="11 Jan 2019 12:11:18 GMT" time="5.973" errors="0">
  <testcase name="COMMON_LaunchSite1" time="5.757" classname="com.sapient.qa.cats.core.selenium.testng.test.scenario.SCENARIOS_28"/>
  <testcase name="COMMON_MyAccountClick2" time="0.016" classname="com.sapient.qa.cats.core.selenium.testng.test.scenario.SCENARIOS_28"/>
  <testcase name="COMMON_RegisterAnAccount3" time="0.047" classname="com.sapient.qa.cats.core.selenium.testng.test.scenario.SCENARIOS_28"/>
  <testcase name="COMMON_GlobalMsgRegistrationSuccess4" time="0.015" classname="com.sapient.qa.cats.core.selenium.testng.test.scenario.SCENARIOS_28"/>
  <testcase name="COMMON_CloseWindow5" time="0.022" classname="com.sapient.qa.cats.core.selenium.testng.test.scenario.SCENARIOS_28"/>
  <testcase name="@BeforeTest beginTestCase" time="0.0" classname="com.sapient.qa.cats.core.framework.TestConfig">
    <ignored/>
  </testcase> <!-- @BeforeTest beginTestCase -->
  <testcase name="@BeforeSuite testBeforeSuite" time="0.0" classname="com.sapient.qa.cats.core.framework.TestConfig">
    <ignored/>
  </testcase> <!-- @BeforeSuite testBeforeSuite -->
  <testcase name="@AfterSuite testAfterSuite" time="0.0" classname="com.sapient.qa.cats.core.framework.TestConfig">
    <ignored/>
  </testcase> <!-- @AfterSuite testAfterSuite -->
  <testcase name="@AfterTest endTestcase" time="0.0" classname="com.sapient.qa.cats.core.framework.TestConfig">
    <ignored/>
  </testcase> <!-- @AfterTest endTestcase -->
</testsuite> <!-- SCENARIOS_28 -->
