<?xml version="1.0" encoding="UTF-8"?>
<!-- Generated by org.testng.reporters.JUnitXMLReporter -->
<testsuite hostname="WKWIN5161291" name="SCENARIOS_AMZTAB" tests="8" failures="0" timestamp="10 Aug 2018 07:48:24 GMT" time="97.588" errors="0">
  <testcase name="AMZLaunchHomePage1" time="7.071" classname="com.sapient.qa.cats.core.selenium.testng.test.scenario.SCENARIOS_AMZTAB"/>
  <testcase name="AMZSearchForProduct2" time="6.358" classname="com.sapient.qa.cats.core.selenium.testng.test.scenario.SCENARIOS_AMZTAB"/>
  <testcase name="AMZSelectProduct3" time="6.994" classname="com.sapient.qa.cats.core.selenium.testng.test.scenario.SCENARIOS_AMZTAB"/>
  <testcase name="AMZSwitchWind4" time="0.155" classname="com.sapient.qa.cats.core.selenium.testng.test.scenario.SCENARIOS_AMZTAB"/>
  <testcase name="AMZVerifyProductDetails5" time="11.717" classname="com.sapient.qa.cats.core.selenium.testng.test.scenario.SCENARIOS_AMZTAB"/>
  <testcase name="AMZAddToShoppingCart6" time="31.079" classname="com.sapient.qa.cats.core.selenium.testng.test.scenario.SCENARIOS_AMZTAB"/>
  <testcase name="AMZVerifyCart7" time="33.166" classname="com.sapient.qa.cats.core.selenium.testng.test.scenario.SCENARIOS_AMZTAB"/>
  <testcase name="AMZQuit8" time="1.01" classname="com.sapient.qa.cats.core.selenium.testng.test.scenario.SCENARIOS_AMZTAB"/>
</testsuite> <!-- SCENARIOS_AMZTAB -->
