<?xml version="1.0" encoding="UTF-8"?>
<!-- Generated by org.testng.reporters.JUnitXMLReporter -->
<testsuite hostname="WKWIN5161291" ignored="4" name="SCENARIOS_Axeus" tests="1" failures="0" timestamp="05 Sep 2018 14:22:57 GMT" time="15.25" errors="0">
  <testcase name="AXEUSHomepage1" time="15.216" classname="com.sapient.qa.cats.core.selenium.testng.test.scenario.SCENARIOS_Axeus"/>
  <testcase name="@BeforeTest beginTestCase" time="0.0" classname="com.sapient.qa.cats.core.framework.TestConfig">
    <ignored/>
  </testcase> <!-- @BeforeTest beginTestCase -->
  <testcase name="@BeforeSuite testBeforeSuite" time="0.0" classname="com.sapient.qa.cats.core.framework.TestConfig">
    <ignored/>
  </testcase> <!-- @BeforeSuite testBeforeSuite -->
  <testcase name="@AfterSuite testAfterSuite" time="0.0" classname="com.sapient.qa.cats.core.framework.TestConfig">
    <ignored/>
  </testcase> <!-- @AfterSuite testAfterSuite -->
  <testcase name="@AfterTest endTestcase" time="0.0" classname="com.sapient.qa.cats.core.framework.TestConfig">
    <ignored/>
  </testcase> <!-- @AfterTest endTestcase -->
</testsuite> <!-- SCENARIOS_Axeus -->
