<?xml version="1.0" encoding="UTF-8"?>
<testng-results skipped="0" failed="0" ignored="64" total="175" passed="111">
  <reporter-output>
  </reporter-output>
  <suite name="Verify that when user is on a Brewer PDP the user see compare icons with compare text for applicable brewers" duration-ms="5349" started-at="2019-01-11T12:11:12Z" finished-at="2019-01-11T12:11:17Z">
    <groups>
      <group name="SCENARIOS_35">
        <method signature="SCENARIOS_35.COMMON_CLOSEOVERLAY2(org.testng.ITestContext)[pri:2, instance:com.sapient.qa.cats.core.selenium.testng.test.scenario.SCENARIOS_35@4550bb58]" name="COMMON_CLOSEOVERLAY2" class="com.sapient.qa.cats.core.selenium.testng.test.scenario.SCENARIOS_35"/>
        <method signature="SCENARIOS_35.COMMON_CloseWindow6(org.testng.ITestContext)[pri:6, instance:com.sapient.qa.cats.core.selenium.testng.test.scenario.SCENARIOS_35@4550bb58]" name="COMMON_CloseWindow6" class="com.sapient.qa.cats.core.selenium.testng.test.scenario.SCENARIOS_35"/>
        <method signature="SCENARIOS_35.COMMON_LaunchSite1(org.testng.ITestContext)[pri:1, instance:com.sapient.qa.cats.core.selenium.testng.test.scenario.SCENARIOS_35@4550bb58]" name="COMMON_LaunchSite1" class="com.sapient.qa.cats.core.selenium.testng.test.scenario.SCENARIOS_35"/>
        <method signature="SCENARIOS_35.HEADER_ClickCoffeeMaker33(org.testng.ITestContext)[pri:3, instance:com.sapient.qa.cats.core.selenium.testng.test.scenario.SCENARIOS_35@4550bb58]" name="HEADER_ClickCoffeeMaker33" class="com.sapient.qa.cats.core.selenium.testng.test.scenario.SCENARIOS_35"/>
        <method signature="SCENARIOS_35.PDP_VerifyBrewerCompareTable5(org.testng.ITestContext)[pri:5, instance:com.sapient.qa.cats.core.selenium.testng.test.scenario.SCENARIOS_35@4550bb58]" name="PDP_VerifyBrewerCompareTable5" class="com.sapient.qa.cats.core.selenium.testng.test.scenario.SCENARIOS_35"/>
        <method signature="SCENARIOS_35.PLP_BrewerAddToCart4(org.testng.ITestContext)[pri:4, instance:com.sapient.qa.cats.core.selenium.testng.test.scenario.SCENARIOS_35@4550bb58]" name="PLP_BrewerAddToCart4" class="com.sapient.qa.cats.core.selenium.testng.test.scenario.SCENARIOS_35"/>
      </group> <!-- SCENARIOS_35 -->
    </groups>
    <test name="SCENARIOS_35" duration-ms="5349" started-at="2019-01-11T12:11:12Z" finished-at="2019-01-11T12:11:17Z">
      <class name="com.sapient.qa.cats.core.framework.TestConfig">
        <test-method status="PASS" signature="testBeforeSuite(org.testng.ITestContext)[pri:0, instance:com.sapient.qa.cats.core.framework.TestConfig@6adbc9d]" name="testBeforeSuite" is-config="true" duration-ms="4900" started-at="2019-01-11T12:11:07Z" finished-at="2019-01-11T12:11:12Z">
          <params>
            <param index="0">
              <value>
                <![CDATA[org.testng.TestRunner@2c7f4bd3]]>
              </value>
            </param>
          </params>
          <reporter-output>
          </reporter-output>
        </test-method> <!-- testBeforeSuite -->
        <test-method status="PASS" signature="beginTestCase(org.testng.ITestContext)[pri:0, instance:com.sapient.qa.cats.core.framework.TestConfig@6adbc9d]" name="beginTestCase" is-config="true" duration-ms="100" started-at="2019-01-11T12:11:12Z" finished-at="2019-01-11T12:11:12Z">
          <params>
            <param index="0">
              <value>
                <![CDATA[org.testng.TestRunner@2c7f4bd3]]>
              </value>
            </param>
          </params>
          <reporter-output>
          </reporter-output>
        </test-method> <!-- beginTestCase -->
        <test-method status="PASS" signature="testAfterSuite(org.testng.ITestContext)[pri:0, instance:com.sapient.qa.cats.core.framework.TestConfig@6adbc9d]" name="testAfterSuite" is-config="true" duration-ms="74072" started-at="2019-01-11T12:11:17Z" finished-at="2019-01-11T12:12:31Z">
          <params>
            <param index="0">
              <value>
                <![CDATA[org.testng.TestRunner@2c7f4bd3]]>
              </value>
            </param>
          </params>
          <reporter-output>
          </reporter-output>
        </test-method> <!-- testAfterSuite -->
        <test-method status="PASS" signature="endTestcase(org.testng.ITestContext)[pri:0, instance:com.sapient.qa.cats.core.framework.TestConfig@6adbc9d]" name="endTestcase" is-config="true" duration-ms="0" started-at="2019-01-11T12:11:17Z" finished-at="2019-01-11T12:11:17Z">
          <params>
            <param index="0">
              <value>
                <![CDATA[org.testng.TestRunner@2c7f4bd3]]>
              </value>
            </param>
          </params>
          <reporter-output>
          </reporter-output>
        </test-method> <!-- endTestcase -->
      </class> <!-- com.sapient.qa.cats.core.framework.TestConfig -->
      <class name="com.sapient.qa.cats.core.selenium.testng.test.scenario.SCENARIOS_35">
        <test-method status="PASS" signature="beginScenario(org.testng.ITestContext)[pri:0, instance:com.sapient.qa.cats.core.selenium.testng.test.scenario.SCENARIOS_35@4550bb58]" name="beginScenario" is-config="true" duration-ms="69" started-at="2019-01-11T12:11:12Z" finished-at="2019-01-11T12:11:12Z">
          <params>
            <param index="0">
              <value>
                <![CDATA[org.testng.TestRunner@2c7f4bd3]]>
              </value>
            </param>
          </params>
          <reporter-output>
          </reporter-output>
        </test-method> <!-- beginScenario -->
        <test-method status="PASS" signature="COMMON_LaunchSite1(org.testng.ITestContext)[pri:1, instance:com.sapient.qa.cats.core.selenium.testng.test.scenario.SCENARIOS_35@4550bb58]" name="COMMON_LaunchSite1" duration-ms="5048" started-at="2019-01-11T12:11:12Z" finished-at="2019-01-11T12:11:17Z">
          <params>
            <param index="0">
              <value>
                <![CDATA[org.testng.TestRunner@2c7f4bd3]]>
              </value>
            </param>
          </params>
          <reporter-output>
          </reporter-output>
        </test-method> <!-- COMMON_LaunchSite1 -->
        <test-method status="PASS" signature="intializeTest(org.testng.ITestResult, org.testng.ITestContext)[pri:0, instance:com.sapient.qa.cats.core.selenium.testng.test.scenario.SCENARIOS_35@4550bb58]" name="intializeTest" is-config="true" duration-ms="0" started-at="2019-01-11T12:11:12Z" finished-at="2019-01-11T12:11:12Z">
          <params>
            <param index="0">
              <value>
                <![CDATA[[TestResult name=COMMON_LaunchSite1 status=SUCCESS method=SCENARIOS_35.COMMON_LaunchSite1(org.testng.ITestContext)[pri:1, instance:com.sapient.qa.cats.core.selenium.testng.test.scenario.SCENARIOS_35@4550bb58] output={null}]]]>
              </value>
            </param>
            <param index="1">
              <value>
                <![CDATA[org.testng.TestRunner@2c7f4bd3]]>
              </value>
            </param>
          </params>
          <reporter-output>
          </reporter-output>
        </test-method> <!-- intializeTest -->
        <test-method status="PASS" signature="COMMON_CLOSEOVERLAY2(org.testng.ITestContext)[pri:2, instance:com.sapient.qa.cats.core.selenium.testng.test.scenario.SCENARIOS_35@4550bb58]" name="COMMON_CLOSEOVERLAY2" duration-ms="32" started-at="2019-01-11T12:11:17Z" finished-at="2019-01-11T12:11:17Z">
          <params>
            <param index="0">
              <value>
                <![CDATA[org.testng.TestRunner@2c7f4bd3]]>
              </value>
            </param>
          </params>
          <reporter-output>
          </reporter-output>
        </test-method> <!-- COMMON_CLOSEOVERLAY2 -->
        <test-method status="PASS" signature="takeScreenShotOnFailure(org.testng.ITestResult, org.testng.ITestContext)[pri:0, instance:com.sapient.qa.cats.core.selenium.testng.test.scenario.SCENARIOS_35@4550bb58]" name="takeScreenShotOnFailure" is-config="true" duration-ms="0" started-at="2019-01-11T12:11:17Z" finished-at="2019-01-11T12:11:17Z">
          <params>
            <param index="0">
              <value>
                <![CDATA[[TestResult name=COMMON_LaunchSite1 status=SUCCESS method=SCENARIOS_35.COMMON_LaunchSite1(org.testng.ITestContext)[pri:1, instance:com.sapient.qa.cats.core.selenium.testng.test.scenario.SCENARIOS_35@4550bb58] output={null}]]]>
              </value>
            </param>
            <param index="1">
              <value>
                <![CDATA[org.testng.TestRunner@2c7f4bd3]]>
              </value>
            </param>
          </params>
          <reporter-output>
          </reporter-output>
        </test-method> <!-- takeScreenShotOnFailure -->
        <test-method status="PASS" signature="intializeTest(org.testng.ITestResult, org.testng.ITestContext)[pri:0, instance:com.sapient.qa.cats.core.selenium.testng.test.scenario.SCENARIOS_35@4550bb58]" name="intializeTest" is-config="true" duration-ms="0" started-at="2019-01-11T12:11:17Z" finished-at="2019-01-11T12:11:17Z">
          <params>
            <param index="0">
              <value>
                <![CDATA[[TestResult name=COMMON_CLOSEOVERLAY2 status=SUCCESS method=SCENARIOS_35.COMMON_CLOSEOVERLAY2(org.testng.ITestContext)[pri:2, instance:com.sapient.qa.cats.core.selenium.testng.test.scenario.SCENARIOS_35@4550bb58] output={null}]]]>
              </value>
            </param>
            <param index="1">
              <value>
                <![CDATA[org.testng.TestRunner@2c7f4bd3]]>
              </value>
            </param>
          </params>
          <reporter-output>
          </reporter-output>
        </test-method> <!-- intializeTest -->
        <test-method status="PASS" signature="HEADER_ClickCoffeeMaker33(org.testng.ITestContext)[pri:3, instance:com.sapient.qa.cats.core.selenium.testng.test.scenario.SCENARIOS_35@4550bb58]" name="HEADER_ClickCoffeeMaker33" duration-ms="22" started-at="2019-01-11T12:11:17Z" finished-at="2019-01-11T12:11:17Z">
          <params>
            <param index="0">
              <value>
                <![CDATA[org.testng.TestRunner@2c7f4bd3]]>
              </value>
            </param>
          </params>
          <reporter-output>
          </reporter-output>
        </test-method> <!-- HEADER_ClickCoffeeMaker33 -->
        <test-method status="PASS" signature="intializeTest(org.testng.ITestResult, org.testng.ITestContext)[pri:0, instance:com.sapient.qa.cats.core.selenium.testng.test.scenario.SCENARIOS_35@4550bb58]" name="intializeTest" is-config="true" duration-ms="0" started-at="2019-01-11T12:11:17Z" finished-at="2019-01-11T12:11:17Z">
          <params>
            <param index="0">
              <value>
                <![CDATA[[TestResult name=HEADER_ClickCoffeeMaker33 status=SUCCESS method=SCENARIOS_35.HEADER_ClickCoffeeMaker33(org.testng.ITestContext)[pri:3, instance:com.sapient.qa.cats.core.selenium.testng.test.scenario.SCENARIOS_35@4550bb58] output={null}]]]>
              </value>
            </param>
            <param index="1">
              <value>
                <![CDATA[org.testng.TestRunner@2c7f4bd3]]>
              </value>
            </param>
          </params>
          <reporter-output>
          </reporter-output>
        </test-method> <!-- intializeTest -->
        <test-method status="PASS" signature="takeScreenShotOnFailure(org.testng.ITestResult, org.testng.ITestContext)[pri:0, instance:com.sapient.qa.cats.core.selenium.testng.test.scenario.SCENARIOS_35@4550bb58]" name="takeScreenShotOnFailure" is-config="true" duration-ms="0" started-at="2019-01-11T12:11:17Z" finished-at="2019-01-11T12:11:17Z">
          <params>
            <param index="0">
              <value>
                <![CDATA[[TestResult name=COMMON_CLOSEOVERLAY2 status=SUCCESS method=SCENARIOS_35.COMMON_CLOSEOVERLAY2(org.testng.ITestContext)[pri:2, instance:com.sapient.qa.cats.core.selenium.testng.test.scenario.SCENARIOS_35@4550bb58] output={null}]]]>
              </value>
            </param>
            <param index="1">
              <value>
                <![CDATA[org.testng.TestRunner@2c7f4bd3]]>
              </value>
            </param>
          </params>
          <reporter-output>
          </reporter-output>
        </test-method> <!-- takeScreenShotOnFailure -->
        <test-method status="PASS" signature="takeScreenShotOnFailure(org.testng.ITestResult, org.testng.ITestContext)[pri:0, instance:com.sapient.qa.cats.core.selenium.testng.test.scenario.SCENARIOS_35@4550bb58]" name="takeScreenShotOnFailure" is-config="true" duration-ms="0" started-at="2019-01-11T12:11:17Z" finished-at="2019-01-11T12:11:17Z">
          <params>
            <param index="0">
              <value>
                <![CDATA[[TestResult name=HEADER_ClickCoffeeMaker33 status=SUCCESS method=SCENARIOS_35.HEADER_ClickCoffeeMaker33(org.testng.ITestContext)[pri:3, instance:com.sapient.qa.cats.core.selenium.testng.test.scenario.SCENARIOS_35@4550bb58] output={null}]]]>
              </value>
            </param>
            <param index="1">
              <value>
                <![CDATA[org.testng.TestRunner@2c7f4bd3]]>
              </value>
            </param>
          </params>
          <reporter-output>
          </reporter-output>
        </test-method> <!-- takeScreenShotOnFailure -->
        <test-method status="PASS" signature="intializeTest(org.testng.ITestResult, org.testng.ITestContext)[pri:0, instance:com.sapient.qa.cats.core.selenium.testng.test.scenario.SCENARIOS_35@4550bb58]" name="intializeTest" is-config="true" duration-ms="0" started-at="2019-01-11T12:11:17Z" finished-at="2019-01-11T12:11:17Z">
          <params>
            <param index="0">
              <value>
                <![CDATA[[TestResult name=PLP_BrewerAddToCart4 status=SUCCESS method=SCENARIOS_35.PLP_BrewerAddToCart4(org.testng.ITestContext)[pri:4, instance:com.sapient.qa.cats.core.selenium.testng.test.scenario.SCENARIOS_35@4550bb58] output={null}]]]>
              </value>
            </param>
            <param index="1">
              <value>
                <![CDATA[org.testng.TestRunner@2c7f4bd3]]>
              </value>
            </param>
          </params>
          <reporter-output>
          </reporter-output>
        </test-method> <!-- intializeTest -->
        <test-method status="PASS" signature="PLP_BrewerAddToCart4(org.testng.ITestContext)[pri:4, instance:com.sapient.qa.cats.core.selenium.testng.test.scenario.SCENARIOS_35@4550bb58]" name="PLP_BrewerAddToCart4" duration-ms="16" started-at="2019-01-11T12:11:17Z" finished-at="2019-01-11T12:11:17Z">
          <params>
            <param index="0">
              <value>
                <![CDATA[org.testng.TestRunner@2c7f4bd3]]>
              </value>
            </param>
          </params>
          <reporter-output>
          </reporter-output>
        </test-method> <!-- PLP_BrewerAddToCart4 -->
        <test-method status="PASS" signature="PDP_VerifyBrewerCompareTable5(org.testng.ITestContext)[pri:5, instance:com.sapient.qa.cats.core.selenium.testng.test.scenario.SCENARIOS_35@4550bb58]" name="PDP_VerifyBrewerCompareTable5" duration-ms="31" started-at="2019-01-11T12:11:17Z" finished-at="2019-01-11T12:11:17Z">
          <params>
            <param index="0">
              <value>
                <![CDATA[org.testng.TestRunner@2c7f4bd3]]>
              </value>
            </param>
          </params>
          <reporter-output>
          </reporter-output>
        </test-method> <!-- PDP_VerifyBrewerCompareTable5 -->
        <test-method status="PASS" signature="takeScreenShotOnFailure(org.testng.ITestResult, org.testng.ITestContext)[pri:0, instance:com.sapient.qa.cats.core.selenium.testng.test.scenario.SCENARIOS_35@4550bb58]" name="takeScreenShotOnFailure" is-config="true" duration-ms="0" started-at="2019-01-11T12:11:17Z" finished-at="2019-01-11T12:11:17Z">
          <params>
            <param index="0">
              <value>
                <![CDATA[[TestResult name=PLP_BrewerAddToCart4 status=SUCCESS method=SCENARIOS_35.PLP_BrewerAddToCart4(org.testng.ITestContext)[pri:4, instance:com.sapient.qa.cats.core.selenium.testng.test.scenario.SCENARIOS_35@4550bb58] output={null}]]]>
              </value>
            </param>
            <param index="1">
              <value>
                <![CDATA[org.testng.TestRunner@2c7f4bd3]]>
              </value>
            </param>
          </params>
          <reporter-output>
          </reporter-output>
        </test-method> <!-- takeScreenShotOnFailure -->
        <test-method status="PASS" signature="intializeTest(org.testng.ITestResult, org.testng.ITestContext)[pri:0, instance:com.sapient.qa.cats.core.selenium.testng.test.scenario.SCENARIOS_35@4550bb58]" name="intializeTest" is-config="true" duration-ms="0" started-at="2019-01-11T12:11:17Z" finished-at="2019-01-11T12:11:17Z">
          <params>
            <param index="0">
              <value>
                <![CDATA[[TestResult name=PDP_VerifyBrewerCompareTable5 status=SUCCESS method=SCENARIOS_35.PDP_VerifyBrewerCompareTable5(org.testng.ITestContext)[pri:5, instance:com.sapient.qa.cats.core.selenium.testng.test.scenario.SCENARIOS_35@4550bb58] output={null}]]]>
              </value>
            </param>
            <param index="1">
              <value>
                <![CDATA[org.testng.TestRunner@2c7f4bd3]]>
              </value>
            </param>
          </params>
          <reporter-output>
          </reporter-output>
        </test-method> <!-- intializeTest -->
        <test-method status="PASS" signature="takeScreenShotOnFailure(org.testng.ITestResult, org.testng.ITestContext)[pri:0, instance:com.sapient.qa.cats.core.selenium.testng.test.scenario.SCENARIOS_35@4550bb58]" name="takeScreenShotOnFailure" is-config="true" duration-ms="0" started-at="2019-01-11T12:11:17Z" finished-at="2019-01-11T12:11:17Z">
          <params>
            <param index="0">
              <value>
                <![CDATA[[TestResult name=PDP_VerifyBrewerCompareTable5 status=SUCCESS method=SCENARIOS_35.PDP_VerifyBrewerCompareTable5(org.testng.ITestContext)[pri:5, instance:com.sapient.qa.cats.core.selenium.testng.test.scenario.SCENARIOS_35@4550bb58] output={null}]]]>
              </value>
            </param>
            <param index="1">
              <value>
                <![CDATA[org.testng.TestRunner@2c7f4bd3]]>
              </value>
            </param>
          </params>
          <reporter-output>
          </reporter-output>
        </test-method> <!-- takeScreenShotOnFailure -->
        <test-method status="PASS" signature="intializeTest(org.testng.ITestResult, org.testng.ITestContext)[pri:0, instance:com.sapient.qa.cats.core.selenium.testng.test.scenario.SCENARIOS_35@4550bb58]" name="intializeTest" is-config="true" duration-ms="0" started-at="2019-01-11T12:11:17Z" finished-at="2019-01-11T12:11:17Z">
          <params>
            <param index="0">
              <value>
                <![CDATA[[TestResult name=COMMON_CloseWindow6 status=SUCCESS method=SCENARIOS_35.COMMON_CloseWindow6(org.testng.ITestContext)[pri:6, instance:com.sapient.qa.cats.core.selenium.testng.test.scenario.SCENARIOS_35@4550bb58] output={null}]]]>
              </value>
            </param>
            <param index="1">
              <value>
                <![CDATA[org.testng.TestRunner@2c7f4bd3]]>
              </value>
            </param>
          </params>
          <reporter-output>
          </reporter-output>
        </test-method> <!-- intializeTest -->
        <test-method status="PASS" signature="COMMON_CloseWindow6(org.testng.ITestContext)[pri:6, instance:com.sapient.qa.cats.core.selenium.testng.test.scenario.SCENARIOS_35@4550bb58]" name="COMMON_CloseWindow6" duration-ms="16" started-at="2019-01-11T12:11:17Z" finished-at="2019-01-11T12:11:17Z">
          <params>
            <param index="0">
              <value>
                <![CDATA[org.testng.TestRunner@2c7f4bd3]]>
              </value>
            </param>
          </params>
          <reporter-output>
          </reporter-output>
        </test-method> <!-- COMMON_CloseWindow6 -->
        <test-method status="PASS" signature="takeScreenShotOnFailure(org.testng.ITestResult, org.testng.ITestContext)[pri:0, instance:com.sapient.qa.cats.core.selenium.testng.test.scenario.SCENARIOS_35@4550bb58]" name="takeScreenShotOnFailure" is-config="true" duration-ms="0" started-at="2019-01-11T12:11:17Z" finished-at="2019-01-11T12:11:17Z">
          <params>
            <param index="0">
              <value>
                <![CDATA[[TestResult name=COMMON_CloseWindow6 status=SUCCESS method=SCENARIOS_35.COMMON_CloseWindow6(org.testng.ITestContext)[pri:6, instance:com.sapient.qa.cats.core.selenium.testng.test.scenario.SCENARIOS_35@4550bb58] output={null}]]]>
              </value>
            </param>
            <param index="1">
              <value>
                <![CDATA[org.testng.TestRunner@2c7f4bd3]]>
              </value>
            </param>
          </params>
          <reporter-output>
          </reporter-output>
        </test-method> <!-- takeScreenShotOnFailure -->
        <test-method status="PASS" signature="endScenario(org.testng.ITestContext)[pri:0, instance:com.sapient.qa.cats.core.selenium.testng.test.scenario.SCENARIOS_35@4550bb58]" name="endScenario" is-config="true" duration-ms="0" started-at="2019-01-11T12:11:17Z" finished-at="2019-01-11T12:11:17Z">
          <params>
            <param index="0">
              <value>
                <![CDATA[org.testng.TestRunner@2c7f4bd3]]>
              </value>
            </param>
          </params>
          <reporter-output>
          </reporter-output>
        </test-method> <!-- endScenario -->
      </class> <!-- com.sapient.qa.cats.core.selenium.testng.test.scenario.SCENARIOS_35 -->
    </test> <!-- SCENARIOS_35 -->
  </suite> <!-- Verify that when user is on a Brewer PDP the user see compare icons with compare text for applicable brewers -->
  <suite name="Verify the pagination on PLP page" duration-ms="4284" started-at="2019-01-11T12:11:12Z" finished-at="2019-01-11T12:11:16Z">
    <groups>
      <group name="SCENARIOS_30">
        <method signature="SCENARIOS_30.COMMON_CLOSEOVERLAY2(org.testng.ITestContext)[pri:2, instance:com.sapient.qa.cats.core.selenium.testng.test.scenario.SCENARIOS_30@2a798d51]" name="COMMON_CLOSEOVERLAY2" class="com.sapient.qa.cats.core.selenium.testng.test.scenario.SCENARIOS_30"/>
        <method signature="SCENARIOS_30.COMMON_CloseWindow8(org.testng.ITestContext)[pri:8, instance:com.sapient.qa.cats.core.selenium.testng.test.scenario.SCENARIOS_30@2a798d51]" name="COMMON_CloseWindow8" class="com.sapient.qa.cats.core.selenium.testng.test.scenario.SCENARIOS_30"/>
        <method signature="SCENARIOS_30.COMMON_GlobalMsgRegistrationSuccess5(org.testng.ITestContext)[pri:5, instance:com.sapient.qa.cats.core.selenium.testng.test.scenario.SCENARIOS_30@2a798d51]" name="COMMON_GlobalMsgRegistrationSuccess5" class="com.sapient.qa.cats.core.selenium.testng.test.scenario.SCENARIOS_30"/>
        <method signature="SCENARIOS_30.COMMON_LaunchSite1(org.testng.ITestContext)[pri:1, instance:com.sapient.qa.cats.core.selenium.testng.test.scenario.SCENARIOS_30@2a798d51]" name="COMMON_LaunchSite1" class="com.sapient.qa.cats.core.selenium.testng.test.scenario.SCENARIOS_30"/>
        <method signature="SCENARIOS_30.COMMON_MyAccountClick3(org.testng.ITestContext)[pri:3, instance:com.sapient.qa.cats.core.selenium.testng.test.scenario.SCENARIOS_30@2a798d51]" name="COMMON_MyAccountClick3" class="com.sapient.qa.cats.core.selenium.testng.test.scenario.SCENARIOS_30"/>
        <method signature="SCENARIOS_30.COMMON_RegisterAnAccount4(org.testng.ITestContext)[pri:4, instance:com.sapient.qa.cats.core.selenium.testng.test.scenario.SCENARIOS_30@2a798d51]" name="COMMON_RegisterAnAccount4" class="com.sapient.qa.cats.core.selenium.testng.test.scenario.SCENARIOS_30"/>
        <method signature="SCENARIOS_30.HEADER_ClickCoffeeLink6(org.testng.ITestContext)[pri:6, instance:com.sapient.qa.cats.core.selenium.testng.test.scenario.SCENARIOS_30@2a798d51]" name="HEADER_ClickCoffeeLink6" class="com.sapient.qa.cats.core.selenium.testng.test.scenario.SCENARIOS_30"/>
        <method signature="SCENARIOS_30.PLP_VerifyPagination7(org.testng.ITestContext)[pri:7, instance:com.sapient.qa.cats.core.selenium.testng.test.scenario.SCENARIOS_30@2a798d51]" name="PLP_VerifyPagination7" class="com.sapient.qa.cats.core.selenium.testng.test.scenario.SCENARIOS_30"/>
      </group> <!-- SCENARIOS_30 -->
    </groups>
    <test name="SCENARIOS_30" duration-ms="4284" started-at="2019-01-11T12:11:12Z" finished-at="2019-01-11T12:11:16Z">
      <class name="com.sapient.qa.cats.core.selenium.testng.test.scenario.SCENARIOS_30">
        <test-method status="PASS" signature="beginScenario(org.testng.ITestContext)[pri:0, instance:com.sapient.qa.cats.core.selenium.testng.test.scenario.SCENARIOS_30@2a798d51]" name="beginScenario" is-config="true" duration-ms="31" started-at="2019-01-11T12:11:12Z" finished-at="2019-01-11T12:11:12Z">
          <params>
            <param index="0">
              <value>
                <![CDATA[org.testng.TestRunner@14200d42]]>
              </value>
            </param>
          </params>
          <reporter-output>
          </reporter-output>
        </test-method> <!-- beginScenario -->
        <test-method status="PASS" signature="COMMON_LaunchSite1(org.testng.ITestContext)[pri:1, instance:com.sapient.qa.cats.core.selenium.testng.test.scenario.SCENARIOS_30@2a798d51]" name="COMMON_LaunchSite1" duration-ms="3831" started-at="2019-01-11T12:11:12Z" finished-at="2019-01-11T12:11:16Z">
          <params>
            <param index="0">
              <value>
                <![CDATA[org.testng.TestRunner@14200d42]]>
              </value>
            </param>
          </params>
          <reporter-output>
          </reporter-output>
        </test-method> <!-- COMMON_LaunchSite1 -->
        <test-method status="PASS" signature="intializeTest(org.testng.ITestResult, org.testng.ITestContext)[pri:0, instance:com.sapient.qa.cats.core.selenium.testng.test.scenario.SCENARIOS_30@2a798d51]" name="intializeTest" is-config="true" duration-ms="0" started-at="2019-01-11T12:11:12Z" finished-at="2019-01-11T12:11:12Z">
          <params>
            <param index="0">
              <value>
                <![CDATA[[TestResult name=COMMON_LaunchSite1 status=SUCCESS method=SCENARIOS_30.COMMON_LaunchSite1(org.testng.ITestContext)[pri:1, instance:com.sapient.qa.cats.core.selenium.testng.test.scenario.SCENARIOS_30@2a798d51] output={null}]]]>
              </value>
            </param>
            <param index="1">
              <value>
                <![CDATA[org.testng.TestRunner@14200d42]]>
              </value>
            </param>
          </params>
          <reporter-output>
          </reporter-output>
        </test-method> <!-- intializeTest -->
        <test-method status="PASS" signature="takeScreenShotOnFailure(org.testng.ITestResult, org.testng.ITestContext)[pri:0, instance:com.sapient.qa.cats.core.selenium.testng.test.scenario.SCENARIOS_30@2a798d51]" name="takeScreenShotOnFailure" is-config="true" duration-ms="0" started-at="2019-01-11T12:11:16Z" finished-at="2019-01-11T12:11:16Z">
          <params>
            <param index="0">
              <value>
                <![CDATA[[TestResult name=COMMON_LaunchSite1 status=SUCCESS method=SCENARIOS_30.COMMON_LaunchSite1(org.testng.ITestContext)[pri:1, instance:com.sapient.qa.cats.core.selenium.testng.test.scenario.SCENARIOS_30@2a798d51] output={null}]]]>
              </value>
            </param>
            <param index="1">
              <value>
                <![CDATA[org.testng.TestRunner@14200d42]]>
              </value>
            </param>
          </params>
          <reporter-output>
          </reporter-output>
        </test-method> <!-- takeScreenShotOnFailure -->
        <test-method status="PASS" signature="intializeTest(org.testng.ITestResult, org.testng.ITestContext)[pri:0, instance:com.sapient.qa.cats.core.selenium.testng.test.scenario.SCENARIOS_30@2a798d51]" name="intializeTest" is-config="true" duration-ms="0" started-at="2019-01-11T12:11:16Z" finished-at="2019-01-11T12:11:16Z">
          <params>
            <param index="0">
              <value>
                <![CDATA[[TestResult name=COMMON_CLOSEOVERLAY2 status=SUCCESS method=SCENARIOS_30.COMMON_CLOSEOVERLAY2(org.testng.ITestContext)[pri:2, instance:com.sapient.qa.cats.core.selenium.testng.test.scenario.SCENARIOS_30@2a798d51] output={null}]]]>
              </value>
            </param>
            <param index="1">
              <value>
                <![CDATA[org.testng.TestRunner@14200d42]]>
              </value>
            </param>
          </params>
          <reporter-output>
          </reporter-output>
        </test-method> <!-- intializeTest -->
        <test-method status="PASS" signature="COMMON_CLOSEOVERLAY2(org.testng.ITestContext)[pri:2, instance:com.sapient.qa.cats.core.selenium.testng.test.scenario.SCENARIOS_30@2a798d51]" name="COMMON_CLOSEOVERLAY2" duration-ms="47" started-at="2019-01-11T12:11:16Z" finished-at="2019-01-11T12:11:16Z">
          <params>
            <param index="0">
              <value>
                <![CDATA[org.testng.TestRunner@14200d42]]>
              </value>
            </param>
          </params>
          <reporter-output>
          </reporter-output>
        </test-method> <!-- COMMON_CLOSEOVERLAY2 -->
        <test-method status="PASS" signature="COMMON_MyAccountClick3(org.testng.ITestContext)[pri:3, instance:com.sapient.qa.cats.core.selenium.testng.test.scenario.SCENARIOS_30@2a798d51]" name="COMMON_MyAccountClick3" duration-ms="31" started-at="2019-01-11T12:11:16Z" finished-at="2019-01-11T12:11:16Z">
          <params>
            <param index="0">
              <value>
                <![CDATA[org.testng.TestRunner@14200d42]]>
              </value>
            </param>
          </params>
          <reporter-output>
          </reporter-output>
        </test-method> <!-- COMMON_MyAccountClick3 -->
        <test-method status="PASS" signature="intializeTest(org.testng.ITestResult, org.testng.ITestContext)[pri:0, instance:com.sapient.qa.cats.core.selenium.testng.test.scenario.SCENARIOS_30@2a798d51]" name="intializeTest" is-config="true" duration-ms="0" started-at="2019-01-11T12:11:16Z" finished-at="2019-01-11T12:11:16Z">
          <params>
            <param index="0">
              <value>
                <![CDATA[[TestResult name=COMMON_MyAccountClick3 status=SUCCESS method=SCENARIOS_30.COMMON_MyAccountClick3(org.testng.ITestContext)[pri:3, instance:com.sapient.qa.cats.core.selenium.testng.test.scenario.SCENARIOS_30@2a798d51] output={null}]]]>
              </value>
            </param>
            <param index="1">
              <value>
                <![CDATA[org.testng.TestRunner@14200d42]]>
              </value>
            </param>
          </params>
          <reporter-output>
          </reporter-output>
        </test-method> <!-- intializeTest -->
        <test-method status="PASS" signature="takeScreenShotOnFailure(org.testng.ITestResult, org.testng.ITestContext)[pri:0, instance:com.sapient.qa.cats.core.selenium.testng.test.scenario.SCENARIOS_30@2a798d51]" name="takeScreenShotOnFailure" is-config="true" duration-ms="0" started-at="2019-01-11T12:11:16Z" finished-at="2019-01-11T12:11:16Z">
          <params>
            <param index="0">
              <value>
                <![CDATA[[TestResult name=COMMON_CLOSEOVERLAY2 status=SUCCESS method=SCENARIOS_30.COMMON_CLOSEOVERLAY2(org.testng.ITestContext)[pri:2, instance:com.sapient.qa.cats.core.selenium.testng.test.scenario.SCENARIOS_30@2a798d51] output={null}]]]>
              </value>
            </param>
            <param index="1">
              <value>
                <![CDATA[org.testng.TestRunner@14200d42]]>
              </value>
            </param>
          </params>
          <reporter-output>
          </reporter-output>
        </test-method> <!-- takeScreenShotOnFailure -->
        <test-method status="PASS" signature="takeScreenShotOnFailure(org.testng.ITestResult, org.testng.ITestContext)[pri:0, instance:com.sapient.qa.cats.core.selenium.testng.test.scenario.SCENARIOS_30@2a798d51]" name="takeScreenShotOnFailure" is-config="true" duration-ms="0" started-at="2019-01-11T12:11:16Z" finished-at="2019-01-11T12:11:16Z">
          <params>
            <param index="0">
              <value>
                <![CDATA[[TestResult name=COMMON_MyAccountClick3 status=SUCCESS method=SCENARIOS_30.COMMON_MyAccountClick3(org.testng.ITestContext)[pri:3, instance:com.sapient.qa.cats.core.selenium.testng.test.scenario.SCENARIOS_30@2a798d51] output={null}]]]>
              </value>
            </param>
            <param index="1">
              <value>
                <![CDATA[org.testng.TestRunner@14200d42]]>
              </value>
            </param>
          </params>
          <reporter-output>
          </reporter-output>
        </test-method> <!-- takeScreenShotOnFailure -->
        <test-method status="PASS" signature="intializeTest(org.testng.ITestResult, org.testng.ITestContext)[pri:0, instance:com.sapient.qa.cats.core.selenium.testng.test.scenario.SCENARIOS_30@2a798d51]" name="intializeTest" is-config="true" duration-ms="0" started-at="2019-01-11T12:11:16Z" finished-at="2019-01-11T12:11:16Z">
          <params>
            <param index="0">
              <value>
                <![CDATA[[TestResult name=COMMON_RegisterAnAccount4 status=SUCCESS method=SCENARIOS_30.COMMON_RegisterAnAccount4(org.testng.ITestContext)[pri:4, instance:com.sapient.qa.cats.core.selenium.testng.test.scenario.SCENARIOS_30@2a798d51] output={null}]]]>
              </value>
            </param>
            <param index="1">
              <value>
                <![CDATA[org.testng.TestRunner@14200d42]]>
              </value>
            </param>
          </params>
          <reporter-output>
          </reporter-output>
        </test-method> <!-- intializeTest -->
        <test-method status="PASS" signature="COMMON_RegisterAnAccount4(org.testng.ITestContext)[pri:4, instance:com.sapient.qa.cats.core.selenium.testng.test.scenario.SCENARIOS_30@2a798d51]" name="COMMON_RegisterAnAccount4" duration-ms="69" started-at="2019-01-11T12:11:16Z" finished-at="2019-01-11T12:11:16Z">
          <params>
            <param index="0">
              <value>
                <![CDATA[org.testng.TestRunner@14200d42]]>
              </value>
            </param>
          </params>
          <reporter-output>
          </reporter-output>
        </test-method> <!-- COMMON_RegisterAnAccount4 -->
        <test-method status="PASS" signature="intializeTest(org.testng.ITestResult, org.testng.ITestContext)[pri:0, instance:com.sapient.qa.cats.core.selenium.testng.test.scenario.SCENARIOS_30@2a798d51]" name="intializeTest" is-config="true" duration-ms="0" started-at="2019-01-11T12:11:16Z" finished-at="2019-01-11T12:11:16Z">
          <params>
            <param index="0">
              <value>
                <![CDATA[[TestResult name=COMMON_GlobalMsgRegistrationSuccess5 status=SUCCESS method=SCENARIOS_30.COMMON_GlobalMsgRegistrationSuccess5(org.testng.ITestContext)[pri:5, instance:com.sapient.qa.cats.core.selenium.testng.test.scenario.SCENARIOS_30@2a798d51] output={null}]]]>
              </value>
            </param>
            <param index="1">
              <value>
                <![CDATA[org.testng.TestRunner@14200d42]]>
              </value>
            </param>
          </params>
          <reporter-output>
          </reporter-output>
        </test-method> <!-- intializeTest -->
        <test-method status="PASS" signature="takeScreenShotOnFailure(org.testng.ITestResult, org.testng.ITestContext)[pri:0, instance:com.sapient.qa.cats.core.selenium.testng.test.scenario.SCENARIOS_30@2a798d51]" name="takeScreenShotOnFailure" is-config="true" duration-ms="0" started-at="2019-01-11T12:11:16Z" finished-at="2019-01-11T12:11:16Z">
          <params>
            <param index="0">
              <value>
                <![CDATA[[TestResult name=COMMON_RegisterAnAccount4 status=SUCCESS method=SCENARIOS_30.COMMON_RegisterAnAccount4(org.testng.ITestContext)[pri:4, instance:com.sapient.qa.cats.core.selenium.testng.test.scenario.SCENARIOS_30@2a798d51] output={null}]]]>
              </value>
            </param>
            <param index="1">
              <value>
                <![CDATA[org.testng.TestRunner@14200d42]]>
              </value>
            </param>
          </params>
          <reporter-output>
          </reporter-output>
        </test-method> <!-- takeScreenShotOnFailure -->
        <test-method status="PASS" signature="COMMON_GlobalMsgRegistrationSuccess5(org.testng.ITestContext)[pri:5, instance:com.sapient.qa.cats.core.selenium.testng.test.scenario.SCENARIOS_30@2a798d51]" name="COMMON_GlobalMsgRegistrationSuccess5" duration-ms="31" started-at="2019-01-11T12:11:16Z" finished-at="2019-01-11T12:11:16Z">
          <params>
            <param index="0">
              <value>
                <![CDATA[org.testng.TestRunner@14200d42]]>
              </value>
            </param>
          </params>
          <reporter-output>
          </reporter-output>
        </test-method> <!-- COMMON_GlobalMsgRegistrationSuccess5 -->
        <test-method status="PASS" signature="HEADER_ClickCoffeeLink6(org.testng.ITestContext)[pri:6, instance:com.sapient.qa.cats.core.selenium.testng.test.scenario.SCENARIOS_30@2a798d51]" name="HEADER_ClickCoffeeLink6" duration-ms="34" started-at="2019-01-11T12:11:16Z" finished-at="2019-01-11T12:11:16Z">
          <params>
            <param index="0">
              <value>
                <![CDATA[org.testng.TestRunner@14200d42]]>
              </value>
            </param>
          </params>
          <reporter-output>
          </reporter-output>
        </test-method> <!-- HEADER_ClickCoffeeLink6 -->
        <test-method status="PASS" signature="intializeTest(org.testng.ITestResult, org.testng.ITestContext)[pri:0, instance:com.sapient.qa.cats.core.selenium.testng.test.scenario.SCENARIOS_30@2a798d51]" name="intializeTest" is-config="true" duration-ms="0" started-at="2019-01-11T12:11:16Z" finished-at="2019-01-11T12:11:16Z">
          <params>
            <param index="0">
              <value>
                <![CDATA[[TestResult name=HEADER_ClickCoffeeLink6 status=SUCCESS method=SCENARIOS_30.HEADER_ClickCoffeeLink6(org.testng.ITestContext)[pri:6, instance:com.sapient.qa.cats.core.selenium.testng.test.scenario.SCENARIOS_30@2a798d51] output={null}]]]>
              </value>
            </param>
            <param index="1">
              <value>
                <![CDATA[org.testng.TestRunner@14200d42]]>
              </value>
            </param>
          </params>
          <reporter-output>
          </reporter-output>
        </test-method> <!-- intializeTest -->
        <test-method status="PASS" signature="takeScreenShotOnFailure(org.testng.ITestResult, org.testng.ITestContext)[pri:0, instance:com.sapient.qa.cats.core.selenium.testng.test.scenario.SCENARIOS_30@2a798d51]" name="takeScreenShotOnFailure" is-config="true" duration-ms="0" started-at="2019-01-11T12:11:16Z" finished-at="2019-01-11T12:11:16Z">
          <params>
            <param index="0">
              <value>
                <![CDATA[[TestResult name=COMMON_GlobalMsgRegistrationSuccess5 status=SUCCESS method=SCENARIOS_30.COMMON_GlobalMsgRegistrationSuccess5(org.testng.ITestContext)[pri:5, instance:com.sapient.qa.cats.core.selenium.testng.test.scenario.SCENARIOS_30@2a798d51] output={null}]]]>
              </value>
            </param>
            <param index="1">
              <value>
                <![CDATA[org.testng.TestRunner@14200d42]]>
              </value>
            </param>
          </params>
          <reporter-output>
          </reporter-output>
        </test-method> <!-- takeScreenShotOnFailure -->
        <test-method status="PASS" signature="takeScreenShotOnFailure(org.testng.ITestResult, org.testng.ITestContext)[pri:0, instance:com.sapient.qa.cats.core.selenium.testng.test.scenario.SCENARIOS_30@2a798d51]" name="takeScreenShotOnFailure" is-config="true" duration-ms="0" started-at="2019-01-11T12:11:16Z" finished-at="2019-01-11T12:11:16Z">
          <params>
            <param index="0">
              <value>
                <![CDATA[[TestResult name=HEADER_ClickCoffeeLink6 status=SUCCESS method=SCENARIOS_30.HEADER_ClickCoffeeLink6(org.testng.ITestContext)[pri:6, instance:com.sapient.qa.cats.core.selenium.testng.test.scenario.SCENARIOS_30@2a798d51] output={null}]]]>
              </value>
            </param>
            <param index="1">
              <value>
                <![CDATA[org.testng.TestRunner@14200d42]]>
              </value>
            </param>
          </params>
          <reporter-output>
          </reporter-output>
        </test-method> <!-- takeScreenShotOnFailure -->
        <test-method status="PASS" signature="intializeTest(org.testng.ITestResult, org.testng.ITestContext)[pri:0, instance:com.sapient.qa.cats.core.selenium.testng.test.scenario.SCENARIOS_30@2a798d51]" name="intializeTest" is-config="true" duration-ms="0" started-at="2019-01-11T12:11:16Z" finished-at="2019-01-11T12:11:16Z">
          <params>
            <param index="0">
              <value>
                <![CDATA[[TestResult name=PLP_VerifyPagination7 status=SUCCESS method=SCENARIOS_30.PLP_VerifyPagination7(org.testng.ITestContext)[pri:7, instance:com.sapient.qa.cats.core.selenium.testng.test.scenario.SCENARIOS_30@2a798d51] output={null}]]]>
              </value>
            </param>
            <param index="1">
              <value>
                <![CDATA[org.testng.TestRunner@14200d42]]>
              </value>
            </param>
          </params>
          <reporter-output>
          </reporter-output>
        </test-method> <!-- intializeTest -->
        <test-method status="PASS" signature="PLP_VerifyPagination7(org.testng.ITestContext)[pri:7, instance:com.sapient.qa.cats.core.selenium.testng.test.scenario.SCENARIOS_30@2a798d51]" name="PLP_VerifyPagination7" duration-ms="31" started-at="2019-01-11T12:11:16Z" finished-at="2019-01-11T12:11:16Z">
          <params>
            <param index="0">
              <value>
                <![CDATA[org.testng.TestRunner@14200d42]]>
              </value>
            </param>
          </params>
          <reporter-output>
          </reporter-output>
        </test-method> <!-- PLP_VerifyPagination7 -->
        <test-method status="PASS" signature="takeScreenShotOnFailure(org.testng.ITestResult, org.testng.ITestContext)[pri:0, instance:com.sapient.qa.cats.core.selenium.testng.test.scenario.SCENARIOS_30@2a798d51]" name="takeScreenShotOnFailure" is-config="true" duration-ms="8" started-at="2019-01-11T12:11:16Z" finished-at="2019-01-11T12:11:16Z">
          <params>
            <param index="0">
              <value>
                <![CDATA[[TestResult name=PLP_VerifyPagination7 status=SUCCESS method=SCENARIOS_30.PLP_VerifyPagination7(org.testng.ITestContext)[pri:7, instance:com.sapient.qa.cats.core.selenium.testng.test.scenario.SCENARIOS_30@2a798d51] output={null}]]]>
              </value>
            </param>
            <param index="1">
              <value>
                <![CDATA[org.testng.TestRunner@14200d42]]>
              </value>
            </param>
          </params>
          <reporter-output>
          </reporter-output>
        </test-method> <!-- takeScreenShotOnFailure -->
        <test-method status="PASS" signature="COMMON_CloseWindow8(org.testng.ITestContext)[pri:8, instance:com.sapient.qa.cats.core.selenium.testng.test.scenario.SCENARIOS_30@2a798d51]" name="COMMON_CloseWindow8" duration-ms="40" started-at="2019-01-11T12:11:16Z" finished-at="2019-01-11T12:11:16Z">
          <params>
            <param index="0">
              <value>
                <![CDATA[org.testng.TestRunner@14200d42]]>
              </value>
            </param>
          </params>
          <reporter-output>
          </reporter-output>
        </test-method> <!-- COMMON_CloseWindow8 -->
        <test-method status="PASS" signature="intializeTest(org.testng.ITestResult, org.testng.ITestContext)[pri:0, instance:com.sapient.qa.cats.core.selenium.testng.test.scenario.SCENARIOS_30@2a798d51]" name="intializeTest" is-config="true" duration-ms="0" started-at="2019-01-11T12:11:16Z" finished-at="2019-01-11T12:11:16Z">
          <params>
            <param index="0">
              <value>
                <![CDATA[[TestResult name=COMMON_CloseWindow8 status=SUCCESS method=SCENARIOS_30.COMMON_CloseWindow8(org.testng.ITestContext)[pri:8, instance:com.sapient.qa.cats.core.selenium.testng.test.scenario.SCENARIOS_30@2a798d51] output={null}]]]>
              </value>
            </param>
            <param index="1">
              <value>
                <![CDATA[org.testng.TestRunner@14200d42]]>
              </value>
            </param>
          </params>
          <reporter-output>
          </reporter-output>
        </test-method> <!-- intializeTest -->
        <test-method status="PASS" signature="takeScreenShotOnFailure(org.testng.ITestResult, org.testng.ITestContext)[pri:0, instance:com.sapient.qa.cats.core.selenium.testng.test.scenario.SCENARIOS_30@2a798d51]" name="takeScreenShotOnFailure" is-config="true" duration-ms="0" started-at="2019-01-11T12:11:16Z" finished-at="2019-01-11T12:11:16Z">
          <params>
            <param index="0">
              <value>
                <![CDATA[[TestResult name=COMMON_CloseWindow8 status=SUCCESS method=SCENARIOS_30.COMMON_CloseWindow8(org.testng.ITestContext)[pri:8, instance:com.sapient.qa.cats.core.selenium.testng.test.scenario.SCENARIOS_30@2a798d51] output={null}]]]>
              </value>
            </param>
            <param index="1">
              <value>
                <![CDATA[org.testng.TestRunner@14200d42]]>
              </value>
            </param>
          </params>
          <reporter-output>
          </reporter-output>
        </test-method> <!-- takeScreenShotOnFailure -->
        <test-method status="PASS" signature="endScenario(org.testng.ITestContext)[pri:0, instance:com.sapient.qa.cats.core.selenium.testng.test.scenario.SCENARIOS_30@2a798d51]" name="endScenario" is-config="true" duration-ms="0" started-at="2019-01-11T12:11:16Z" finished-at="2019-01-11T12:11:16Z">
          <params>
            <param index="0">
              <value>
                <![CDATA[org.testng.TestRunner@14200d42]]>
              </value>
            </param>
          </params>
          <reporter-output>
          </reporter-output>
        </test-method> <!-- endScenario -->
      </class> <!-- com.sapient.qa.cats.core.selenium.testng.test.scenario.SCENARIOS_30 -->
      <class name="com.sapient.qa.cats.core.framework.TestConfig">
        <test-method status="PASS" signature="testBeforeSuite(org.testng.ITestContext)[pri:0, instance:com.sapient.qa.cats.core.framework.TestConfig@6b81ce95]" name="testBeforeSuite" is-config="true" duration-ms="4885" started-at="2019-01-11T12:11:07Z" finished-at="2019-01-11T12:11:12Z">
          <params>
            <param index="0">
              <value>
                <![CDATA[org.testng.TestRunner@14200d42]]>
              </value>
            </param>
          </params>
          <reporter-output>
          </reporter-output>
        </test-method> <!-- testBeforeSuite -->
        <test-method status="PASS" signature="beginTestCase(org.testng.ITestContext)[pri:0, instance:com.sapient.qa.cats.core.framework.TestConfig@6b81ce95]" name="beginTestCase" is-config="true" duration-ms="131" started-at="2019-01-11T12:11:12Z" finished-at="2019-01-11T12:11:12Z">
          <params>
            <param index="0">
              <value>
                <![CDATA[org.testng.TestRunner@14200d42]]>
              </value>
            </param>
          </params>
          <reporter-output>
          </reporter-output>
        </test-method> <!-- beginTestCase -->
        <test-method status="PASS" signature="endTestcase(org.testng.ITestContext)[pri:0, instance:com.sapient.qa.cats.core.framework.TestConfig@6b81ce95]" name="endTestcase" is-config="true" duration-ms="0" started-at="2019-01-11T12:11:16Z" finished-at="2019-01-11T12:11:16Z">
          <params>
            <param index="0">
              <value>
                <![CDATA[org.testng.TestRunner@14200d42]]>
              </value>
            </param>
          </params>
          <reporter-output>
          </reporter-output>
        </test-method> <!-- endTestcase -->
        <test-method status="PASS" signature="testAfterSuite(org.testng.ITestContext)[pri:0, instance:com.sapient.qa.cats.core.framework.TestConfig@6b81ce95]" name="testAfterSuite" is-config="true" duration-ms="75140" started-at="2019-01-11T12:11:16Z" finished-at="2019-01-11T12:12:31Z">
          <params>
            <param index="0">
              <value>
                <![CDATA[org.testng.TestRunner@14200d42]]>
              </value>
            </param>
          </params>
          <reporter-output>
          </reporter-output>
        </test-method> <!-- testAfterSuite -->
      </class> <!-- com.sapient.qa.cats.core.framework.TestConfig -->
    </test> <!-- SCENARIOS_30 -->
  </suite> <!-- Verify the pagination on PLP page -->
  <suite name="Verify that when user clicks on the Add to Cart CTA Product card that get opened can be closed by clicking on the X sign and Product get successfully added" duration-ms="6515" started-at="2019-01-11T12:11:12Z" finished-at="2019-01-11T12:11:18Z">
    <groups>
      <group name="SCENARIOS_34">
        <method signature="SCENARIOS_34.COMMON_CLOSEOVERLAY2(org.testng.ITestContext)[pri:2, instance:com.sapient.qa.cats.core.selenium.testng.test.scenario.SCENARIOS_34@131774fe]" name="COMMON_CLOSEOVERLAY2" class="com.sapient.qa.cats.core.selenium.testng.test.scenario.SCENARIOS_34"/>
        <method signature="SCENARIOS_34.COMMON_CloseWindow5(org.testng.ITestContext)[pri:5, instance:com.sapient.qa.cats.core.selenium.testng.test.scenario.SCENARIOS_34@131774fe]" name="COMMON_CloseWindow5" class="com.sapient.qa.cats.core.selenium.testng.test.scenario.SCENARIOS_34"/>
        <method signature="SCENARIOS_34.COMMON_LaunchSite1(org.testng.ITestContext)[pri:1, instance:com.sapient.qa.cats.core.selenium.testng.test.scenario.SCENARIOS_34@131774fe]" name="COMMON_LaunchSite1" class="com.sapient.qa.cats.core.selenium.testng.test.scenario.SCENARIOS_34"/>
        <method signature="SCENARIOS_34.HEADER_ClickCoffeeLink3(org.testng.ITestContext)[pri:3, instance:com.sapient.qa.cats.core.selenium.testng.test.scenario.SCENARIOS_34@131774fe]" name="HEADER_ClickCoffeeLink3" class="com.sapient.qa.cats.core.selenium.testng.test.scenario.SCENARIOS_34"/>
        <method signature="SCENARIOS_34.PLP_AddToCartt4(org.testng.ITestContext)[pri:4, instance:com.sapient.qa.cats.core.selenium.testng.test.scenario.SCENARIOS_34@131774fe]" name="PLP_AddToCartt4" class="com.sapient.qa.cats.core.selenium.testng.test.scenario.SCENARIOS_34"/>
      </group> <!-- SCENARIOS_34 -->
    </groups>
    <test name="SCENARIOS_34" duration-ms="6515" started-at="2019-01-11T12:11:12Z" finished-at="2019-01-11T12:11:18Z">
      <class name="com.sapient.qa.cats.core.selenium.testng.test.scenario.SCENARIOS_34">
        <test-method status="PASS" signature="beginScenario(org.testng.ITestContext)[pri:0, instance:com.sapient.qa.cats.core.selenium.testng.test.scenario.SCENARIOS_34@131774fe]" name="beginScenario" is-config="true" duration-ms="53" started-at="2019-01-11T12:11:12Z" finished-at="2019-01-11T12:11:12Z">
          <params>
            <param index="0">
              <value>
                <![CDATA[org.testng.TestRunner@26492f17]]>
              </value>
            </param>
          </params>
          <reporter-output>
          </reporter-output>
        </test-method> <!-- beginScenario -->
        <test-method status="PASS" signature="COMMON_LaunchSite1(org.testng.ITestContext)[pri:1, instance:com.sapient.qa.cats.core.selenium.testng.test.scenario.SCENARIOS_34@131774fe]" name="COMMON_LaunchSite1" duration-ms="6337" started-at="2019-01-11T12:11:12Z" finished-at="2019-01-11T12:11:18Z">
          <params>
            <param index="0">
              <value>
                <![CDATA[org.testng.TestRunner@26492f17]]>
              </value>
            </param>
          </params>
          <reporter-output>
          </reporter-output>
        </test-method> <!-- COMMON_LaunchSite1 -->
        <test-method status="PASS" signature="intializeTest(org.testng.ITestResult, org.testng.ITestContext)[pri:0, instance:com.sapient.qa.cats.core.selenium.testng.test.scenario.SCENARIOS_34@131774fe]" name="intializeTest" is-config="true" duration-ms="0" started-at="2019-01-11T12:11:12Z" finished-at="2019-01-11T12:11:12Z">
          <params>
            <param index="0">
              <value>
                <![CDATA[[TestResult name=COMMON_LaunchSite1 status=SUCCESS method=SCENARIOS_34.COMMON_LaunchSite1(org.testng.ITestContext)[pri:1, instance:com.sapient.qa.cats.core.selenium.testng.test.scenario.SCENARIOS_34@131774fe] output={null}]]]>
              </value>
            </param>
            <param index="1">
              <value>
                <![CDATA[org.testng.TestRunner@26492f17]]>
              </value>
            </param>
          </params>
          <reporter-output>
          </reporter-output>
        </test-method> <!-- intializeTest -->
        <test-method status="PASS" signature="COMMON_CLOSEOVERLAY2(org.testng.ITestContext)[pri:2, instance:com.sapient.qa.cats.core.selenium.testng.test.scenario.SCENARIOS_34@131774fe]" name="COMMON_CLOSEOVERLAY2" duration-ms="24" started-at="2019-01-11T12:11:18Z" finished-at="2019-01-11T12:11:18Z">
          <params>
            <param index="0">
              <value>
                <![CDATA[org.testng.TestRunner@26492f17]]>
              </value>
            </param>
          </params>
          <reporter-output>
          </reporter-output>
        </test-method> <!-- COMMON_CLOSEOVERLAY2 -->
        <test-method status="PASS" signature="takeScreenShotOnFailure(org.testng.ITestResult, org.testng.ITestContext)[pri:0, instance:com.sapient.qa.cats.core.selenium.testng.test.scenario.SCENARIOS_34@131774fe]" name="takeScreenShotOnFailure" is-config="true" duration-ms="0" started-at="2019-01-11T12:11:18Z" finished-at="2019-01-11T12:11:18Z">
          <params>
            <param index="0">
              <value>
                <![CDATA[[TestResult name=COMMON_LaunchSite1 status=SUCCESS method=SCENARIOS_34.COMMON_LaunchSite1(org.testng.ITestContext)[pri:1, instance:com.sapient.qa.cats.core.selenium.testng.test.scenario.SCENARIOS_34@131774fe] output={null}]]]>
              </value>
            </param>
            <param index="1">
              <value>
                <![CDATA[org.testng.TestRunner@26492f17]]>
              </value>
            </param>
          </params>
          <reporter-output>
          </reporter-output>
        </test-method> <!-- takeScreenShotOnFailure -->
        <test-method status="PASS" signature="intializeTest(org.testng.ITestResult, org.testng.ITestContext)[pri:0, instance:com.sapient.qa.cats.core.selenium.testng.test.scenario.SCENARIOS_34@131774fe]" name="intializeTest" is-config="true" duration-ms="0" started-at="2019-01-11T12:11:18Z" finished-at="2019-01-11T12:11:18Z">
          <params>
            <param index="0">
              <value>
                <![CDATA[[TestResult name=COMMON_CLOSEOVERLAY2 status=SUCCESS method=SCENARIOS_34.COMMON_CLOSEOVERLAY2(org.testng.ITestContext)[pri:2, instance:com.sapient.qa.cats.core.selenium.testng.test.scenario.SCENARIOS_34@131774fe] output={null}]]]>
              </value>
            </param>
            <param index="1">
              <value>
                <![CDATA[org.testng.TestRunner@26492f17]]>
              </value>
            </param>
          </params>
          <reporter-output>
          </reporter-output>
        </test-method> <!-- intializeTest -->
        <test-method status="PASS" signature="intializeTest(org.testng.ITestResult, org.testng.ITestContext)[pri:0, instance:com.sapient.qa.cats.core.selenium.testng.test.scenario.SCENARIOS_34@131774fe]" name="intializeTest" is-config="true" duration-ms="0" started-at="2019-01-11T12:11:18Z" finished-at="2019-01-11T12:11:18Z">
          <params>
            <param index="0">
              <value>
                <![CDATA[[TestResult name=HEADER_ClickCoffeeLink3 status=SUCCESS method=SCENARIOS_34.HEADER_ClickCoffeeLink3(org.testng.ITestContext)[pri:3, instance:com.sapient.qa.cats.core.selenium.testng.test.scenario.SCENARIOS_34@131774fe] output={null}]]]>
              </value>
            </param>
            <param index="1">
              <value>
                <![CDATA[org.testng.TestRunner@26492f17]]>
              </value>
            </param>
          </params>
          <reporter-output>
          </reporter-output>
        </test-method> <!-- intializeTest -->
        <test-method status="PASS" signature="HEADER_ClickCoffeeLink3(org.testng.ITestContext)[pri:3, instance:com.sapient.qa.cats.core.selenium.testng.test.scenario.SCENARIOS_34@131774fe]" name="HEADER_ClickCoffeeLink3" duration-ms="22" started-at="2019-01-11T12:11:18Z" finished-at="2019-01-11T12:11:18Z">
          <params>
            <param index="0">
              <value>
                <![CDATA[org.testng.TestRunner@26492f17]]>
              </value>
            </param>
          </params>
          <reporter-output>
          </reporter-output>
        </test-method> <!-- HEADER_ClickCoffeeLink3 -->
        <test-method status="PASS" signature="takeScreenShotOnFailure(org.testng.ITestResult, org.testng.ITestContext)[pri:0, instance:com.sapient.qa.cats.core.selenium.testng.test.scenario.SCENARIOS_34@131774fe]" name="takeScreenShotOnFailure" is-config="true" duration-ms="0" started-at="2019-01-11T12:11:18Z" finished-at="2019-01-11T12:11:18Z">
          <params>
            <param index="0">
              <value>
                <![CDATA[[TestResult name=COMMON_CLOSEOVERLAY2 status=SUCCESS method=SCENARIOS_34.COMMON_CLOSEOVERLAY2(org.testng.ITestContext)[pri:2, instance:com.sapient.qa.cats.core.selenium.testng.test.scenario.SCENARIOS_34@131774fe] output={null}]]]>
              </value>
            </param>
            <param index="1">
              <value>
                <![CDATA[org.testng.TestRunner@26492f17]]>
              </value>
            </param>
          </params>
          <reporter-output>
          </reporter-output>
        </test-method> <!-- takeScreenShotOnFailure -->
        <test-method status="PASS" signature="takeScreenShotOnFailure(org.testng.ITestResult, org.testng.ITestContext)[pri:0, instance:com.sapient.qa.cats.core.selenium.testng.test.scenario.SCENARIOS_34@131774fe]" name="takeScreenShotOnFailure" is-config="true" duration-ms="1" started-at="2019-01-11T12:11:18Z" finished-at="2019-01-11T12:11:18Z">
          <params>
            <param index="0">
              <value>
                <![CDATA[[TestResult name=HEADER_ClickCoffeeLink3 status=SUCCESS method=SCENARIOS_34.HEADER_ClickCoffeeLink3(org.testng.ITestContext)[pri:3, instance:com.sapient.qa.cats.core.selenium.testng.test.scenario.SCENARIOS_34@131774fe] output={null}]]]>
              </value>
            </param>
            <param index="1">
              <value>
                <![CDATA[org.testng.TestRunner@26492f17]]>
              </value>
            </param>
          </params>
          <reporter-output>
          </reporter-output>
        </test-method> <!-- takeScreenShotOnFailure -->
        <test-method status="PASS" signature="PLP_AddToCartt4(org.testng.ITestContext)[pri:4, instance:com.sapient.qa.cats.core.selenium.testng.test.scenario.SCENARIOS_34@131774fe]" name="PLP_AddToCartt4" duration-ms="15" started-at="2019-01-11T12:11:18Z" finished-at="2019-01-11T12:11:18Z">
          <params>
            <param index="0">
              <value>
                <![CDATA[org.testng.TestRunner@26492f17]]>
              </value>
            </param>
          </params>
          <reporter-output>
          </reporter-output>
        </test-method> <!-- PLP_AddToCartt4 -->
        <test-method status="PASS" signature="intializeTest(org.testng.ITestResult, org.testng.ITestContext)[pri:0, instance:com.sapient.qa.cats.core.selenium.testng.test.scenario.SCENARIOS_34@131774fe]" name="intializeTest" is-config="true" duration-ms="0" started-at="2019-01-11T12:11:18Z" finished-at="2019-01-11T12:11:18Z">
          <params>
            <param index="0">
              <value>
                <![CDATA[[TestResult name=PLP_AddToCartt4 status=SUCCESS method=SCENARIOS_34.PLP_AddToCartt4(org.testng.ITestContext)[pri:4, instance:com.sapient.qa.cats.core.selenium.testng.test.scenario.SCENARIOS_34@131774fe] output={null}]]]>
              </value>
            </param>
            <param index="1">
              <value>
                <![CDATA[org.testng.TestRunner@26492f17]]>
              </value>
            </param>
          </params>
          <reporter-output>
          </reporter-output>
        </test-method> <!-- intializeTest -->
        <test-method status="PASS" signature="COMMON_CloseWindow5(org.testng.ITestContext)[pri:5, instance:com.sapient.qa.cats.core.selenium.testng.test.scenario.SCENARIOS_34@131774fe]" name="COMMON_CloseWindow5" duration-ms="16" started-at="2019-01-11T12:11:18Z" finished-at="2019-01-11T12:11:18Z">
          <params>
            <param index="0">
              <value>
                <![CDATA[org.testng.TestRunner@26492f17]]>
              </value>
            </param>
          </params>
          <reporter-output>
          </reporter-output>
        </test-method> <!-- COMMON_CloseWindow5 -->
        <test-method status="PASS" signature="intializeTest(org.testng.ITestResult, org.testng.ITestContext)[pri:0, instance:com.sapient.qa.cats.core.selenium.testng.test.scenario.SCENARIOS_34@131774fe]" name="intializeTest" is-config="true" duration-ms="0" started-at="2019-01-11T12:11:18Z" finished-at="2019-01-11T12:11:18Z">
          <params>
            <param index="0">
              <value>
                <![CDATA[[TestResult name=COMMON_CloseWindow5 status=SUCCESS method=SCENARIOS_34.COMMON_CloseWindow5(org.testng.ITestContext)[pri:5, instance:com.sapient.qa.cats.core.selenium.testng.test.scenario.SCENARIOS_34@131774fe] output={null}]]]>
              </value>
            </param>
            <param index="1">
              <value>
                <![CDATA[org.testng.TestRunner@26492f17]]>
              </value>
            </param>
          </params>
          <reporter-output>
          </reporter-output>
        </test-method> <!-- intializeTest -->
        <test-method status="PASS" signature="takeScreenShotOnFailure(org.testng.ITestResult, org.testng.ITestContext)[pri:0, instance:com.sapient.qa.cats.core.selenium.testng.test.scenario.SCENARIOS_34@131774fe]" name="takeScreenShotOnFailure" is-config="true" duration-ms="0" started-at="2019-01-11T12:11:18Z" finished-at="2019-01-11T12:11:18Z">
          <params>
            <param index="0">
              <value>
                <![CDATA[[TestResult name=PLP_AddToCartt4 status=SUCCESS method=SCENARIOS_34.PLP_AddToCartt4(org.testng.ITestContext)[pri:4, instance:com.sapient.qa.cats.core.selenium.testng.test.scenario.SCENARIOS_34@131774fe] output={null}]]]>
              </value>
            </param>
            <param index="1">
              <value>
                <![CDATA[org.testng.TestRunner@26492f17]]>
              </value>
            </param>
          </params>
          <reporter-output>
          </reporter-output>
        </test-method> <!-- takeScreenShotOnFailure -->
        <test-method status="PASS" signature="takeScreenShotOnFailure(org.testng.ITestResult, org.testng.ITestContext)[pri:0, instance:com.sapient.qa.cats.core.selenium.testng.test.scenario.SCENARIOS_34@131774fe]" name="takeScreenShotOnFailure" is-config="true" duration-ms="0" started-at="2019-01-11T12:11:18Z" finished-at="2019-01-11T12:11:18Z">
          <params>
            <param index="0">
              <value>
                <![CDATA[[TestResult name=COMMON_CloseWindow5 status=SUCCESS method=SCENARIOS_34.COMMON_CloseWindow5(org.testng.ITestContext)[pri:5, instance:com.sapient.qa.cats.core.selenium.testng.test.scenario.SCENARIOS_34@131774fe] output={null}]]]>
              </value>
            </param>
            <param index="1">
              <value>
                <![CDATA[org.testng.TestRunner@26492f17]]>
              </value>
            </param>
          </params>
          <reporter-output>
          </reporter-output>
        </test-method> <!-- takeScreenShotOnFailure -->
        <test-method status="PASS" signature="endScenario(org.testng.ITestContext)[pri:0, instance:com.sapient.qa.cats.core.selenium.testng.test.scenario.SCENARIOS_34@131774fe]" name="endScenario" is-config="true" duration-ms="0" started-at="2019-01-11T12:11:18Z" finished-at="2019-01-11T12:11:18Z">
          <params>
            <param index="0">
              <value>
                <![CDATA[org.testng.TestRunner@26492f17]]>
              </value>
            </param>
          </params>
          <reporter-output>
          </reporter-output>
        </test-method> <!-- endScenario -->
      </class> <!-- com.sapient.qa.cats.core.selenium.testng.test.scenario.SCENARIOS_34 -->
      <class name="com.sapient.qa.cats.core.framework.TestConfig">
        <test-method status="PASS" signature="testBeforeSuite(org.testng.ITestContext)[pri:0, instance:com.sapient.qa.cats.core.framework.TestConfig@10e31a9a]" name="testBeforeSuite" is-config="true" duration-ms="4931" started-at="2019-01-11T12:11:07Z" finished-at="2019-01-11T12:11:12Z">
          <params>
            <param index="0">
              <value>
                <![CDATA[org.testng.TestRunner@26492f17]]>
              </value>
            </param>
          </params>
          <reporter-output>
          </reporter-output>
        </test-method> <!-- testBeforeSuite -->
        <test-method status="PASS" signature="beginTestCase(org.testng.ITestContext)[pri:0, instance:com.sapient.qa.cats.core.framework.TestConfig@10e31a9a]" name="beginTestCase" is-config="true" duration-ms="16" started-at="2019-01-11T12:11:12Z" finished-at="2019-01-11T12:11:12Z">
          <params>
            <param index="0">
              <value>
                <![CDATA[org.testng.TestRunner@26492f17]]>
              </value>
            </param>
          </params>
          <reporter-output>
          </reporter-output>
        </test-method> <!-- beginTestCase -->
        <test-method status="PASS" signature="testAfterSuite(org.testng.ITestContext)[pri:0, instance:com.sapient.qa.cats.core.framework.TestConfig@10e31a9a]" name="testAfterSuite" is-config="true" duration-ms="74930" started-at="2019-01-11T12:11:18Z" finished-at="2019-01-11T12:12:33Z">
          <params>
            <param index="0">
              <value>
                <![CDATA[org.testng.TestRunner@26492f17]]>
              </value>
            </param>
          </params>
          <reporter-output>
          </reporter-output>
        </test-method> <!-- testAfterSuite -->
        <test-method status="PASS" signature="endTestcase(org.testng.ITestContext)[pri:0, instance:com.sapient.qa.cats.core.framework.TestConfig@10e31a9a]" name="endTestcase" is-config="true" duration-ms="0" started-at="2019-01-11T12:11:18Z" finished-at="2019-01-11T12:11:18Z">
          <params>
            <param index="0">
              <value>
                <![CDATA[org.testng.TestRunner@26492f17]]>
              </value>
            </param>
          </params>
          <reporter-output>
          </reporter-output>
        </test-method> <!-- endTestcase -->
      </class> <!-- com.sapient.qa.cats.core.framework.TestConfig -->
    </test> <!-- SCENARIOS_34 -->
  </suite> <!-- Verify that when user clicks on the Add to Cart CTA Product card that get opened can be closed by clicking on the X sign and Product get successfully added -->
  <suite name="Verify that when user is at PDP user will able to see add to cart CTA" duration-ms="2200" started-at="2019-01-11T12:12:34Z" finished-at="2019-01-11T12:12:36Z">
    <groups>
      <group name="SCENARIOS_43">
        <method signature="SCENARIOS_43.COMMON_CLOSEOVERLAY2(org.testng.ITestContext)[pri:2, instance:com.sapient.qa.cats.core.selenium.testng.test.scenario.SCENARIOS_43@76505305]" name="COMMON_CLOSEOVERLAY2" class="com.sapient.qa.cats.core.selenium.testng.test.scenario.SCENARIOS_43"/>
        <method signature="SCENARIOS_43.COMMON_CloseWindow6(org.testng.ITestContext)[pri:6, instance:com.sapient.qa.cats.core.selenium.testng.test.scenario.SCENARIOS_43@76505305]" name="COMMON_CloseWindow6" class="com.sapient.qa.cats.core.selenium.testng.test.scenario.SCENARIOS_43"/>
        <method signature="SCENARIOS_43.COMMON_LaunchSite1(org.testng.ITestContext)[pri:1, instance:com.sapient.qa.cats.core.selenium.testng.test.scenario.SCENARIOS_43@76505305]" name="COMMON_LaunchSite1" class="com.sapient.qa.cats.core.selenium.testng.test.scenario.SCENARIOS_43"/>
        <method signature="SCENARIOS_43.HEADER_ClickCoffeeLink3(org.testng.ITestContext)[pri:3, instance:com.sapient.qa.cats.core.selenium.testng.test.scenario.SCENARIOS_43@76505305]" name="HEADER_ClickCoffeeLink3" class="com.sapient.qa.cats.core.selenium.testng.test.scenario.SCENARIOS_43"/>
        <method signature="SCENARIOS_43.PDP_VerifyATCAndATAD5(org.testng.ITestContext)[pri:5, instance:com.sapient.qa.cats.core.selenium.testng.test.scenario.SCENARIOS_43@76505305]" name="PDP_VerifyATCAndATAD5" class="com.sapient.qa.cats.core.selenium.testng.test.scenario.SCENARIOS_43"/>
        <method signature="SCENARIOS_43.PLP_ClickProduct4(org.testng.ITestContext)[pri:4, instance:com.sapient.qa.cats.core.selenium.testng.test.scenario.SCENARIOS_43@76505305]" name="PLP_ClickProduct4" class="com.sapient.qa.cats.core.selenium.testng.test.scenario.SCENARIOS_43"/>
      </group> <!-- SCENARIOS_43 -->
    </groups>
    <test name="SCENARIOS_43" duration-ms="2200" started-at="2019-01-11T12:12:34Z" finished-at="2019-01-11T12:12:36Z">
      <class name="com.sapient.qa.cats.core.selenium.testng.test.scenario.SCENARIOS_43">
        <test-method status="PASS" signature="beginScenario(org.testng.ITestContext)[pri:0, instance:com.sapient.qa.cats.core.selenium.testng.test.scenario.SCENARIOS_43@76505305]" name="beginScenario" is-config="true" duration-ms="2" started-at="2019-01-11T12:12:34Z" finished-at="2019-01-11T12:12:34Z">
          <params>
            <param index="0">
              <value>
                <![CDATA[org.testng.TestRunner@6243c4f4]]>
              </value>
            </param>
          </params>
          <reporter-output>
          </reporter-output>
        </test-method> <!-- beginScenario -->
        <test-method status="PASS" signature="intializeTest(org.testng.ITestResult, org.testng.ITestContext)[pri:0, instance:com.sapient.qa.cats.core.selenium.testng.test.scenario.SCENARIOS_43@76505305]" name="intializeTest" is-config="true" duration-ms="1" started-at="2019-01-11T12:12:34Z" finished-at="2019-01-11T12:12:34Z">
          <params>
            <param index="0">
              <value>
                <![CDATA[[TestResult name=COMMON_LaunchSite1 status=SUCCESS method=SCENARIOS_43.COMMON_LaunchSite1(org.testng.ITestContext)[pri:1, instance:com.sapient.qa.cats.core.selenium.testng.test.scenario.SCENARIOS_43@76505305] output={null}]]]>
              </value>
            </param>
            <param index="1">
              <value>
                <![CDATA[org.testng.TestRunner@6243c4f4]]>
              </value>
            </param>
          </params>
          <reporter-output>
          </reporter-output>
        </test-method> <!-- intializeTest -->
        <test-method status="PASS" signature="COMMON_LaunchSite1(org.testng.ITestContext)[pri:1, instance:com.sapient.qa.cats.core.selenium.testng.test.scenario.SCENARIOS_43@76505305]" name="COMMON_LaunchSite1" duration-ms="2084" started-at="2019-01-11T12:12:34Z" finished-at="2019-01-11T12:12:36Z">
          <params>
            <param index="0">
              <value>
                <![CDATA[org.testng.TestRunner@6243c4f4]]>
              </value>
            </param>
          </params>
          <reporter-output>
          </reporter-output>
        </test-method> <!-- COMMON_LaunchSite1 -->
        <test-method status="PASS" signature="takeScreenShotOnFailure(org.testng.ITestResult, org.testng.ITestContext)[pri:0, instance:com.sapient.qa.cats.core.selenium.testng.test.scenario.SCENARIOS_43@76505305]" name="takeScreenShotOnFailure" is-config="true" duration-ms="0" started-at="2019-01-11T12:12:36Z" finished-at="2019-01-11T12:12:36Z">
          <params>
            <param index="0">
              <value>
                <![CDATA[[TestResult name=COMMON_LaunchSite1 status=SUCCESS method=SCENARIOS_43.COMMON_LaunchSite1(org.testng.ITestContext)[pri:1, instance:com.sapient.qa.cats.core.selenium.testng.test.scenario.SCENARIOS_43@76505305] output={null}]]]>
              </value>
            </param>
            <param index="1">
              <value>
                <![CDATA[org.testng.TestRunner@6243c4f4]]>
              </value>
            </param>
          </params>
          <reporter-output>
          </reporter-output>
        </test-method> <!-- takeScreenShotOnFailure -->
        <test-method status="PASS" signature="COMMON_CLOSEOVERLAY2(org.testng.ITestContext)[pri:2, instance:com.sapient.qa.cats.core.selenium.testng.test.scenario.SCENARIOS_43@76505305]" name="COMMON_CLOSEOVERLAY2" duration-ms="29" started-at="2019-01-11T12:12:36Z" finished-at="2019-01-11T12:12:36Z">
          <params>
            <param index="0">
              <value>
                <![CDATA[org.testng.TestRunner@6243c4f4]]>
              </value>
            </param>
          </params>
          <reporter-output>
          </reporter-output>
        </test-method> <!-- COMMON_CLOSEOVERLAY2 -->
        <test-method status="PASS" signature="intializeTest(org.testng.ITestResult, org.testng.ITestContext)[pri:0, instance:com.sapient.qa.cats.core.selenium.testng.test.scenario.SCENARIOS_43@76505305]" name="intializeTest" is-config="true" duration-ms="0" started-at="2019-01-11T12:12:36Z" finished-at="2019-01-11T12:12:36Z">
          <params>
            <param index="0">
              <value>
                <![CDATA[[TestResult name=COMMON_CLOSEOVERLAY2 status=SUCCESS method=SCENARIOS_43.COMMON_CLOSEOVERLAY2(org.testng.ITestContext)[pri:2, instance:com.sapient.qa.cats.core.selenium.testng.test.scenario.SCENARIOS_43@76505305] output={null}]]]>
              </value>
            </param>
            <param index="1">
              <value>
                <![CDATA[org.testng.TestRunner@6243c4f4]]>
              </value>
            </param>
          </params>
          <reporter-output>
          </reporter-output>
        </test-method> <!-- intializeTest -->
        <test-method status="PASS" signature="HEADER_ClickCoffeeLink3(org.testng.ITestContext)[pri:3, instance:com.sapient.qa.cats.core.selenium.testng.test.scenario.SCENARIOS_43@76505305]" name="HEADER_ClickCoffeeLink3" duration-ms="20" started-at="2019-01-11T12:12:36Z" finished-at="2019-01-11T12:12:36Z">
          <params>
            <param index="0">
              <value>
                <![CDATA[org.testng.TestRunner@6243c4f4]]>
              </value>
            </param>
          </params>
          <reporter-output>
          </reporter-output>
        </test-method> <!-- HEADER_ClickCoffeeLink3 -->
        <test-method status="PASS" signature="takeScreenShotOnFailure(org.testng.ITestResult, org.testng.ITestContext)[pri:0, instance:com.sapient.qa.cats.core.selenium.testng.test.scenario.SCENARIOS_43@76505305]" name="takeScreenShotOnFailure" is-config="true" duration-ms="0" started-at="2019-01-11T12:12:36Z" finished-at="2019-01-11T12:12:36Z">
          <params>
            <param index="0">
              <value>
                <![CDATA[[TestResult name=COMMON_CLOSEOVERLAY2 status=SUCCESS method=SCENARIOS_43.COMMON_CLOSEOVERLAY2(org.testng.ITestContext)[pri:2, instance:com.sapient.qa.cats.core.selenium.testng.test.scenario.SCENARIOS_43@76505305] output={null}]]]>
              </value>
            </param>
            <param index="1">
              <value>
                <![CDATA[org.testng.TestRunner@6243c4f4]]>
              </value>
            </param>
          </params>
          <reporter-output>
          </reporter-output>
        </test-method> <!-- takeScreenShotOnFailure -->
        <test-method status="PASS" signature="intializeTest(org.testng.ITestResult, org.testng.ITestContext)[pri:0, instance:com.sapient.qa.cats.core.selenium.testng.test.scenario.SCENARIOS_43@76505305]" name="intializeTest" is-config="true" duration-ms="0" started-at="2019-01-11T12:12:36Z" finished-at="2019-01-11T12:12:36Z">
          <params>
            <param index="0">
              <value>
                <![CDATA[[TestResult name=HEADER_ClickCoffeeLink3 status=SUCCESS method=SCENARIOS_43.HEADER_ClickCoffeeLink3(org.testng.ITestContext)[pri:3, instance:com.sapient.qa.cats.core.selenium.testng.test.scenario.SCENARIOS_43@76505305] output={null}]]]>
              </value>
            </param>
            <param index="1">
              <value>
                <![CDATA[org.testng.TestRunner@6243c4f4]]>
              </value>
            </param>
          </params>
          <reporter-output>
          </reporter-output>
        </test-method> <!-- intializeTest -->
        <test-method status="PASS" signature="PLP_ClickProduct4(org.testng.ITestContext)[pri:4, instance:com.sapient.qa.cats.core.selenium.testng.test.scenario.SCENARIOS_43@76505305]" name="PLP_ClickProduct4" duration-ms="28" started-at="2019-01-11T12:12:36Z" finished-at="2019-01-11T12:12:36Z">
          <params>
            <param index="0">
              <value>
                <![CDATA[org.testng.TestRunner@6243c4f4]]>
              </value>
            </param>
          </params>
          <reporter-output>
          </reporter-output>
        </test-method> <!-- PLP_ClickProduct4 -->
        <test-method status="PASS" signature="takeScreenShotOnFailure(org.testng.ITestResult, org.testng.ITestContext)[pri:0, instance:com.sapient.qa.cats.core.selenium.testng.test.scenario.SCENARIOS_43@76505305]" name="takeScreenShotOnFailure" is-config="true" duration-ms="0" started-at="2019-01-11T12:12:36Z" finished-at="2019-01-11T12:12:36Z">
          <params>
            <param index="0">
              <value>
                <![CDATA[[TestResult name=HEADER_ClickCoffeeLink3 status=SUCCESS method=SCENARIOS_43.HEADER_ClickCoffeeLink3(org.testng.ITestContext)[pri:3, instance:com.sapient.qa.cats.core.selenium.testng.test.scenario.SCENARIOS_43@76505305] output={null}]]]>
              </value>
            </param>
            <param index="1">
              <value>
                <![CDATA[org.testng.TestRunner@6243c4f4]]>
              </value>
            </param>
          </params>
          <reporter-output>
          </reporter-output>
        </test-method> <!-- takeScreenShotOnFailure -->
        <test-method status="PASS" signature="intializeTest(org.testng.ITestResult, org.testng.ITestContext)[pri:0, instance:com.sapient.qa.cats.core.selenium.testng.test.scenario.SCENARIOS_43@76505305]" name="intializeTest" is-config="true" duration-ms="0" started-at="2019-01-11T12:12:36Z" finished-at="2019-01-11T12:12:36Z">
          <params>
            <param index="0">
              <value>
[...]
        <test-method status="PASS" signature="takeScreenShotOnFailure(org.testng.ITestResult, org.testng.ITestContext)[pri:0, instance:com.sapient.qa.cats.core.selenium.testng.test.scenario.SCENARIOS_32@478190fc]" name="takeScreenShotOnFailure" is-config="true" duration-ms="0" started-at="2019-01-11T12:13:44Z" finished-at="2019-01-11T12:13:44Z">
          <params>
            <param index="0">
              <value>
                <![CDATA[[TestResult name=CART_AutoDelivery7 status=SUCCESS method=SCENARIOS_32.CART_AutoDelivery7(org.testng.ITestContext)[pri:7, instance:com.sapient.qa.cats.core.selenium.testng.test.scenario.SCENARIOS_32@478190fc] output={null}]]]>
              </value>
            </param>
            <param index="1">
              <value>
                <![CDATA[org.testng.TestRunner@fdd5e92]]>
              </value>
            </param>
          </params>
          <reporter-output>
          </reporter-output>
        </test-method> <!-- takeScreenShotOnFailure -->
        <test-method status="PASS" signature="intializeTest(org.testng.ITestResult, org.testng.ITestContext)[pri:0, instance:com.sapient.qa.cats.core.selenium.testng.test.scenario.SCENARIOS_32@478190fc]" name="intializeTest" is-config="true" duration-ms="0" started-at="2019-01-11T12:13:44Z" finished-at="2019-01-11T12:13:44Z">
          <params>
            <param index="0">
              <value>
                <![CDATA[[TestResult name=CART_ClickCheckOutBttn8 status=SUCCESS method=SCENARIOS_32.CART_ClickCheckOutBttn8(org.testng.ITestContext)[pri:8, instance:com.sapient.qa.cats.core.selenium.testng.test.scenario.SCENARIOS_32@478190fc] output={null}]]]>
              </value>
            </param>
            <param index="1">
              <value>
                <![CDATA[org.testng.TestRunner@fdd5e92]]>
              </value>
            </param>
          </params>
          <reporter-output>
          </reporter-output>
        </test-method> <!-- intializeTest -->
        <test-method status="PASS" signature="CART_ClickCheckOutBttn8(org.testng.ITestContext)[pri:8, instance:com.sapient.qa.cats.core.selenium.testng.test.scenario.SCENARIOS_32@478190fc]" name="CART_ClickCheckOutBttn8" duration-ms="10064" started-at="2019-01-11T12:13:44Z" finished-at="2019-01-11T12:13:54Z">
          <params>
            <param index="0">
              <value>
                <![CDATA[org.testng.TestRunner@fdd5e92]]>
              </value>
            </param>
          </params>
          <reporter-output>
          </reporter-output>
        </test-method> <!-- CART_ClickCheckOutBttn8 -->
        <test-method status="PASS" signature="COMMON_CreateAnAccount9(org.testng.ITestContext)[pri:9, instance:com.sapient.qa.cats.core.selenium.testng.test.scenario.SCENARIOS_32@478190fc]" name="COMMON_CreateAnAccount9" duration-ms="10154" started-at="2019-01-11T12:13:54Z" finished-at="2019-01-11T12:14:04Z">
          <params>
            <param index="0">
              <value>
                <![CDATA[org.testng.TestRunner@fdd5e92]]>
              </value>
            </param>
          </params>
          <reporter-output>
          </reporter-output>
        </test-method> <!-- COMMON_CreateAnAccount9 -->
        <test-method status="PASS" signature="takeScreenShotOnFailure(org.testng.ITestResult, org.testng.ITestContext)[pri:0, instance:com.sapient.qa.cats.core.selenium.testng.test.scenario.SCENARIOS_32@478190fc]" name="takeScreenShotOnFailure" is-config="true" duration-ms="0" started-at="2019-01-11T12:13:54Z" finished-at="2019-01-11T12:13:54Z">
          <params>
            <param index="0">
              <value>
                <![CDATA[[TestResult name=CART_ClickCheckOutBttn8 status=SUCCESS method=SCENARIOS_32.CART_ClickCheckOutBttn8(org.testng.ITestContext)[pri:8, instance:com.sapient.qa.cats.core.selenium.testng.test.scenario.SCENARIOS_32@478190fc] output={null}]]]>
              </value>
            </param>
            <param index="1">
              <value>
                <![CDATA[org.testng.TestRunner@fdd5e92]]>
              </value>
            </param>
          </params>
          <reporter-output>
          </reporter-output>
        </test-method> <!-- takeScreenShotOnFailure -->
        <test-method status="PASS" signature="intializeTest(org.testng.ITestResult, org.testng.ITestContext)[pri:0, instance:com.sapient.qa.cats.core.selenium.testng.test.scenario.SCENARIOS_32@478190fc]" name="intializeTest" is-config="true" duration-ms="0" started-at="2019-01-11T12:13:54Z" finished-at="2019-01-11T12:13:54Z">
          <params>
            <param index="0">
              <value>
                <![CDATA[[TestResult name=COMMON_CreateAnAccount9 status=SUCCESS method=SCENARIOS_32.COMMON_CreateAnAccount9(org.testng.ITestContext)[pri:9, instance:com.sapient.qa.cats.core.selenium.testng.test.scenario.SCENARIOS_32@478190fc] output={null}]]]>
              </value>
            </param>
            <param index="1">
              <value>
                <![CDATA[org.testng.TestRunner@fdd5e92]]>
              </value>
            </param>
          </params>
          <reporter-output>
          </reporter-output>
        </test-method> <!-- intializeTest -->
        <test-method status="PASS" signature="intializeTest(org.testng.ITestResult, org.testng.ITestContext)[pri:0, instance:com.sapient.qa.cats.core.selenium.testng.test.scenario.SCENARIOS_32@478190fc]" name="intializeTest" is-config="true" duration-ms="0" started-at="2019-01-11T12:14:04Z" finished-at="2019-01-11T12:14:04Z">
          <params>
            <param index="0">
              <value>
                <![CDATA[[TestResult name=Shipping_FillShippingDetails10 status=SUCCESS method=SCENARIOS_32.Shipping_FillShippingDetails10(org.testng.ITestContext)[pri:10, instance:com.sapient.qa.cats.core.selenium.testng.test.scenario.SCENARIOS_32@478190fc] output={null}]]]>
              </value>
            </param>
            <param index="1">
              <value>
                <![CDATA[org.testng.TestRunner@fdd5e92]]>
              </value>
            </param>
          </params>
          <reporter-output>
          </reporter-output>
        </test-method> <!-- intializeTest -->
        <test-method status="PASS" signature="Shipping_FillShippingDetails10(org.testng.ITestContext)[pri:10, instance:com.sapient.qa.cats.core.selenium.testng.test.scenario.SCENARIOS_32@478190fc]" name="Shipping_FillShippingDetails10" duration-ms="10232" started-at="2019-01-11T12:14:04Z" finished-at="2019-01-11T12:14:14Z">
          <params>
            <param index="0">
              <value>
                <![CDATA[org.testng.TestRunner@fdd5e92]]>
              </value>
            </param>
          </params>
          <reporter-output>
          </reporter-output>
        </test-method> <!-- Shipping_FillShippingDetails10 -->
        <test-method status="PASS" signature="takeScreenShotOnFailure(org.testng.ITestResult, org.testng.ITestContext)[pri:0, instance:com.sapient.qa.cats.core.selenium.testng.test.scenario.SCENARIOS_32@478190fc]" name="takeScreenShotOnFailure" is-config="true" duration-ms="0" started-at="2019-01-11T12:14:04Z" finished-at="2019-01-11T12:14:04Z">
          <params>
            <param index="0">
              <value>
                <![CDATA[[TestResult name=COMMON_CreateAnAccount9 status=SUCCESS method=SCENARIOS_32.COMMON_CreateAnAccount9(org.testng.ITestContext)[pri:9, instance:com.sapient.qa.cats.core.selenium.testng.test.scenario.SCENARIOS_32@478190fc] output={null}]]]>
              </value>
            </param>
            <param index="1">
              <value>
                <![CDATA[org.testng.TestRunner@fdd5e92]]>
              </value>
            </param>
          </params>
          <reporter-output>
          </reporter-output>
        </test-method> <!-- takeScreenShotOnFailure -->
        <test-method status="PASS" signature="takeScreenShotOnFailure(org.testng.ITestResult, org.testng.ITestContext)[pri:0, instance:com.sapient.qa.cats.core.selenium.testng.test.scenario.SCENARIOS_32@478190fc]" name="takeScreenShotOnFailure" is-config="true" duration-ms="0" started-at="2019-01-11T12:14:14Z" finished-at="2019-01-11T12:14:14Z">
          <params>
            <param index="0">
              <value>
                <![CDATA[[TestResult name=Shipping_FillShippingDetails10 status=SUCCESS method=SCENARIOS_32.Shipping_FillShippingDetails10(org.testng.ITestContext)[pri:10, instance:com.sapient.qa.cats.core.selenium.testng.test.scenario.SCENARIOS_32@478190fc] output={null}]]]>
              </value>
            </param>
            <param index="1">
              <value>
                <![CDATA[org.testng.TestRunner@fdd5e92]]>
              </value>
            </param>
          </params>
          <reporter-output>
          </reporter-output>
        </test-method> <!-- takeScreenShotOnFailure -->
        <test-method status="PASS" signature="intializeTest(org.testng.ITestResult, org.testng.ITestContext)[pri:0, instance:com.sapient.qa.cats.core.selenium.testng.test.scenario.SCENARIOS_32@478190fc]" name="intializeTest" is-config="true" duration-ms="0" started-at="2019-01-11T12:14:14Z" finished-at="2019-01-11T12:14:14Z">
          <params>
            <param index="0">
              <value>
                <![CDATA[[TestResult name=Payment_VISALoggedInUser11 status=SUCCESS method=SCENARIOS_32.Payment_VISALoggedInUser11(org.testng.ITestContext)[pri:11, instance:com.sapient.qa.cats.core.selenium.testng.test.scenario.SCENARIOS_32@478190fc] output={null}]]]>
              </value>
            </param>
            <param index="1">
              <value>
                <![CDATA[org.testng.TestRunner@fdd5e92]]>
              </value>
            </param>
          </params>
          <reporter-output>
          </reporter-output>
        </test-method> <!-- intializeTest -->
        <test-method status="PASS" signature="Payment_VISALoggedInUser11(org.testng.ITestContext)[pri:11, instance:com.sapient.qa.cats.core.selenium.testng.test.scenario.SCENARIOS_32@478190fc]" name="Payment_VISALoggedInUser11" duration-ms="8238" started-at="2019-01-11T12:14:14Z" finished-at="2019-01-11T12:14:23Z">
          <params>
            <param index="0">
              <value>
                <![CDATA[org.testng.TestRunner@fdd5e92]]>
              </value>
            </param>
          </params>
          <reporter-output>
          </reporter-output>
        </test-method> <!-- Payment_VISALoggedInUser11 -->
        <test-method status="PASS" signature="takeScreenShotOnFailure(org.testng.ITestResult, org.testng.ITestContext)[pri:0, instance:com.sapient.qa.cats.core.selenium.testng.test.scenario.SCENARIOS_32@478190fc]" name="takeScreenShotOnFailure" is-config="true" duration-ms="0" started-at="2019-01-11T12:14:23Z" finished-at="2019-01-11T12:14:23Z">
          <params>
            <param index="0">
              <value>
                <![CDATA[[TestResult name=Payment_VISALoggedInUser11 status=SUCCESS method=SCENARIOS_32.Payment_VISALoggedInUser11(org.testng.ITestContext)[pri:11, instance:com.sapient.qa.cats.core.selenium.testng.test.scenario.SCENARIOS_32@478190fc] output={null}]]]>
              </value>
            </param>
            <param index="1">
              <value>
                <![CDATA[org.testng.TestRunner@fdd5e92]]>
              </value>
            </param>
          </params>
          <reporter-output>
          </reporter-output>
        </test-method> <!-- takeScreenShotOnFailure -->
        <test-method status="PASS" signature="intializeTest(org.testng.ITestResult, org.testng.ITestContext)[pri:0, instance:com.sapient.qa.cats.core.selenium.testng.test.scenario.SCENARIOS_32@478190fc]" name="intializeTest" is-config="true" duration-ms="0" started-at="2019-01-11T12:14:23Z" finished-at="2019-01-11T12:14:23Z">
          <params>
            <param index="0">
              <value>
                <![CDATA[[TestResult name=Review_PlaceOrder112 status=SUCCESS method=SCENARIOS_32.Review_PlaceOrder112(org.testng.ITestContext)[pri:12, instance:com.sapient.qa.cats.core.selenium.testng.test.scenario.SCENARIOS_32@478190fc] output={null}]]]>
              </value>
            </param>
            <param index="1">
              <value>
                <![CDATA[org.testng.TestRunner@fdd5e92]]>
              </value>
            </param>
          </params>
          <reporter-output>
          </reporter-output>
        </test-method> <!-- intializeTest -->
        <test-method status="PASS" signature="Review_PlaceOrder112(org.testng.ITestContext)[pri:12, instance:com.sapient.qa.cats.core.selenium.testng.test.scenario.SCENARIOS_32@478190fc]" name="Review_PlaceOrder112" duration-ms="5041" started-at="2019-01-11T12:14:23Z" finished-at="2019-01-11T12:14:28Z">
          <params>
            <param index="0">
              <value>
                <![CDATA[org.testng.TestRunner@fdd5e92]]>
              </value>
            </param>
          </params>
          <reporter-output>
          </reporter-output>
        </test-method> <!-- Review_PlaceOrder112 -->
        <test-method status="PASS" signature="intializeTest(org.testng.ITestResult, org.testng.ITestContext)[pri:0, instance:com.sapient.qa.cats.core.selenium.testng.test.scenario.SCENARIOS_32@478190fc]" name="intializeTest" is-config="true" duration-ms="0" started-at="2019-01-11T12:14:28Z" finished-at="2019-01-11T12:14:28Z">
          <params>
            <param index="0">
              <value>
                <![CDATA[[TestResult name=COMMON_CloseWindow13 status=SUCCESS method=SCENARIOS_32.COMMON_CloseWindow13(org.testng.ITestContext)[pri:13, instance:com.sapient.qa.cats.core.selenium.testng.test.scenario.SCENARIOS_32@478190fc] output={null}]]]>
              </value>
            </param>
            <param index="1">
              <value>
                <![CDATA[org.testng.TestRunner@fdd5e92]]>
              </value>
            </param>
          </params>
          <reporter-output>
          </reporter-output>
        </test-method> <!-- intializeTest -->
        <test-method status="PASS" signature="COMMON_CloseWindow13(org.testng.ITestContext)[pri:13, instance:com.sapient.qa.cats.core.selenium.testng.test.scenario.SCENARIOS_32@478190fc]" name="COMMON_CloseWindow13" duration-ms="46" started-at="2019-01-11T12:14:28Z" finished-at="2019-01-11T12:14:28Z">
          <params>
            <param index="0">
              <value>
                <![CDATA[org.testng.TestRunner@fdd5e92]]>
              </value>
            </param>
          </params>
          <reporter-output>
          </reporter-output>
        </test-method> <!-- COMMON_CloseWindow13 -->
        <test-method status="PASS" signature="takeScreenShotOnFailure(org.testng.ITestResult, org.testng.ITestContext)[pri:0, instance:com.sapient.qa.cats.core.selenium.testng.test.scenario.SCENARIOS_32@478190fc]" name="takeScreenShotOnFailure" is-config="true" duration-ms="0" started-at="2019-01-11T12:14:28Z" finished-at="2019-01-11T12:14:28Z">
          <params>
            <param index="0">
              <value>
                <![CDATA[[TestResult name=Review_PlaceOrder112 status=SUCCESS method=SCENARIOS_32.Review_PlaceOrder112(org.testng.ITestContext)[pri:12, instance:com.sapient.qa.cats.core.selenium.testng.test.scenario.SCENARIOS_32@478190fc] output={null}]]]>
              </value>
            </param>
            <param index="1">
              <value>
                <![CDATA[org.testng.TestRunner@fdd5e92]]>
              </value>
            </param>
          </params>
          <reporter-output>
          </reporter-output>
        </test-method> <!-- takeScreenShotOnFailure -->
        <test-method status="PASS" signature="endScenario(org.testng.ITestContext)[pri:0, instance:com.sapient.qa.cats.core.selenium.testng.test.scenario.SCENARIOS_32@478190fc]" name="endScenario" is-config="true" duration-ms="0" started-at="2019-01-11T12:14:28Z" finished-at="2019-01-11T12:14:28Z">
          <params>
            <param index="0">
              <value>
                <![CDATA[org.testng.TestRunner@fdd5e92]]>
              </value>
            </param>
          </params>
          <reporter-output>
          </reporter-output>
        </test-method> <!-- endScenario -->
        <test-method status="PASS" signature="takeScreenShotOnFailure(org.testng.ITestResult, org.testng.ITestContext)[pri:0, instance:com.sapient.qa.cats.core.selenium.testng.test.scenario.SCENARIOS_32@478190fc]" name="takeScreenShotOnFailure" is-config="true" duration-ms="0" started-at="2019-01-11T12:14:28Z" finished-at="2019-01-11T12:14:28Z">
          <params>
            <param index="0">
              <value>
                <![CDATA[[TestResult name=COMMON_CloseWindow13 status=SUCCESS method=SCENARIOS_32.COMMON_CloseWindow13(org.testng.ITestContext)[pri:13, instance:com.sapient.qa.cats.core.selenium.testng.test.scenario.SCENARIOS_32@478190fc] output={null}]]]>
              </value>
            </param>
            <param index="1">
              <value>
                <![CDATA[org.testng.TestRunner@fdd5e92]]>
              </value>
            </param>
          </params>
          <reporter-output>
          </reporter-output>
        </test-method> <!-- takeScreenShotOnFailure -->
      </class> <!-- com.sapient.qa.cats.core.selenium.testng.test.scenario.SCENARIOS_32 -->
      <class name="com.sapient.qa.cats.core.framework.TestConfig">
        <test-method status="PASS" signature="testBeforeSuite(org.testng.ITestContext)[pri:0, instance:com.sapient.qa.cats.core.framework.TestConfig@38c6f217]" name="testBeforeSuite" is-config="true" duration-ms="4885" started-at="2019-01-11T12:11:07Z" finished-at="2019-01-11T12:11:12Z">
          <params>
            <param index="0">
              <value>
                <![CDATA[org.testng.TestRunner@fdd5e92]]>
              </value>
            </param>
          </params>
          <reporter-output>
          </reporter-output>
        </test-method> <!-- testBeforeSuite -->
        <test-method status="PASS" signature="beginTestCase(org.testng.ITestContext)[pri:0, instance:com.sapient.qa.cats.core.framework.TestConfig@38c6f217]" name="beginTestCase" is-config="true" duration-ms="100" started-at="2019-01-11T12:11:12Z" finished-at="2019-01-11T12:11:12Z">
          <params>
            <param index="0">
              <value>
                <![CDATA[org.testng.TestRunner@fdd5e92]]>
              </value>
            </param>
          </params>
          <reporter-output>
          </reporter-output>
        </test-method> <!-- beginTestCase -->
        <test-method status="PASS" signature="endTestcase(org.testng.ITestContext)[pri:0, instance:com.sapient.qa.cats.core.framework.TestConfig@38c6f217]" name="endTestcase" is-config="true" duration-ms="0" started-at="2019-01-11T12:14:28Z" finished-at="2019-01-11T12:14:28Z">
          <params>
            <param index="0">
              <value>
                <![CDATA[org.testng.TestRunner@fdd5e92]]>
              </value>
            </param>
          </params>
          <reporter-output>
          </reporter-output>
        </test-method> <!-- endTestcase -->
        <test-method status="PASS" signature="testAfterSuite(org.testng.ITestContext)[pri:0, instance:com.sapient.qa.cats.core.framework.TestConfig@38c6f217]" name="testAfterSuite" is-config="true" duration-ms="1319" started-at="2019-01-11T12:14:28Z" finished-at="2019-01-11T12:14:29Z">
          <params>
            <param index="0">
              <value>
                <![CDATA[org.testng.TestRunner@fdd5e92]]>
              </value>
            </param>
          </params>
          <reporter-output>
          </reporter-output>
        </test-method> <!-- testAfterSuite -->
      </class> <!-- com.sapient.qa.cats.core.framework.TestConfig -->
    </test> <!-- SCENARIOS_32 -->
  </suite> <!-- Verify  the details displayed at  review order page -->
</testng-results>
