<?xml version="1.0" encoding="UTF-8"?>
<!-- Generated by org.testng.reporters.JUnitXMLReporter -->
<testsuite hostname="WKWIN5161291" ignored="4" name="SCENARIOS_AMZDTP" tests="3" failures="0" timestamp="27 Aug 2018 11:22:06 GMT" time="25.297" errors="0">
  <testcase name="AMZLaunchHomePage1" time="13.992" classname="com.sapient.qa.cats.core.selenium.testng.test.scenario.SCENARIOS_AMZDTP"/>
  <testcase name="AMZSearchForProduct2" time="3.14" classname="com.sapient.qa.cats.core.selenium.testng.test.scenario.SCENARIOS_AMZDTP"/>
  <testcase name="AMZSelectProduct3" time="8.066" classname="com.sapient.qa.cats.core.selenium.testng.test.scenario.SCENARIOS_AMZDTP"/>
  <testcase name="@BeforeTest beginTestCase" time="0.0" classname="com.sapient.qa.cats.core.framework.TestConfig">
    <ignored/>
  </testcase> <!-- @BeforeTest beginTestCase -->
  <testcase name="@BeforeSuite testBeforeSuite" time="0.0" classname="com.sapient.qa.cats.core.framework.TestConfig">
    <ignored/>
  </testcase> <!-- @BeforeSuite testBeforeSuite -->
  <testcase name="@AfterSuite testAfterSuite" time="0.0" classname="com.sapient.qa.cats.core.framework.TestConfig">
    <ignored/>
  </testcase> <!-- @AfterSuite testAfterSuite -->
  <testcase name="@AfterTest endTestcase" time="0.0" classname="com.sapient.qa.cats.core.framework.TestConfig">
    <ignored/>
  </testcase> <!-- @AfterTest endTestcase -->
</testsuite> <!-- SCENARIOS_AMZDTP -->
