<?xml version="1.0" encoding="UTF-8"?>
<!-- Generated by org.testng.reporters.JUnitXMLReporter -->
<testsuite hostname="WKWIN5161291" ignored="4" name="SCENARIOS_AMZDTP" tests="8" failures="0" timestamp="16 Oct 2018 09:53:27 GMT" time="160.571" errors="0">
  <testcase name="AMZLaunchHomePage1" time="13.243" classname="com.sapient.qa.cats.core.selenium.testng.test.scenario.SCENARIOS_AMZDTP"/>
  <testcase name="AMZSearchForProduct2" time="3.269" classname="com.sapient.qa.cats.core.selenium.testng.test.scenario.SCENARIOS_AMZDTP"/>
  <testcase name="AMZSelectProduct3" time="1.658" classname="com.sapient.qa.cats.core.selenium.testng.test.scenario.SCENARIOS_AMZDTP"/>
  <testcase name="AMZSwitchWind4" time="0.109" classname="com.sapient.qa.cats.core.selenium.testng.test.scenario.SCENARIOS_AMZDTP"/>
  <testcase name="AMZVerifyProductDetails5" time="48.947" classname="com.sapient.qa.cats.core.selenium.testng.test.scenario.SCENARIOS_AMZDTP"/>
  <testcase name="AMZAddToShoppingCart6" time="58.498" classname="com.sapient.qa.cats.core.selenium.testng.test.scenario.SCENARIOS_AMZDTP"/>
  <testcase name="AMZVerifyCart7" time="33.894" classname="com.sapient.qa.cats.core.selenium.testng.test.scenario.SCENARIOS_AMZDTP"/>
  <testcase name="AMZQuit8" time="0.889" classname="com.sapient.qa.cats.core.selenium.testng.test.scenario.SCENARIOS_AMZDTP"/>
  <testcase name="@BeforeTest beginTestCase" time="0.0" classname="com.sapient.qa.cats.core.framework.TestConfig">
    <ignored/>
  </testcase> <!-- @BeforeTest beginTestCase -->
  <testcase name="@BeforeSuite testBeforeSuite" time="0.0" classname="com.sapient.qa.cats.core.framework.TestConfig">
    <ignored/>
  </testcase> <!-- @BeforeSuite testBeforeSuite -->
  <testcase name="@AfterSuite testAfterSuite" time="0.0" classname="com.sapient.qa.cats.core.framework.TestConfig">
    <ignored/>
  </testcase> <!-- @AfterSuite testAfterSuite -->
  <testcase name="@AfterTest endTestcase" time="0.0" classname="com.sapient.qa.cats.core.framework.TestConfig">
    <ignored/>
  </testcase> <!-- @AfterTest endTestcase -->
</testsuite> <!-- SCENARIOS_AMZDTP -->
